2013-02-18 22:45:14 Error: Fatal Error (4): syntax error, unexpected '<' in [/var/www/vhosts/strings-dev/app/View/Layouts/default.ctp, line 2]
2013-02-18 22:45:14 Error: [FatalErrorException] syntax error, unexpected '<'
Request URL: /
Stack Trace:
#0 /var/www/vhosts/strings-dev/lib/Cake/Error/ErrorHandler.php(183): ErrorHandler::handleFatalError(4, 'syntax error, u...', '/var/www/vhosts...', 2)
#1 [internal function]: ErrorHandler::handleError(4, 'syntax error, u...', '/var/www/vhosts...', 2, Array)
#2 /var/www/vhosts/strings-dev/lib/Cake/Core/App.php(926): call_user_func('ErrorHandler::h...', 4, 'syntax error, u...', '/var/www/vhosts...', 2, Array)
#3 /var/www/vhosts/strings-dev/lib/Cake/Core/App.php(899): App::_checkFatalError()
#4 [internal function]: App::shutdown()
#5 {main}
2013-02-20 00:01:11 Error: [MissingControllerException] Controller class UsersController could not be found.
Exception Attributes: array (
  'class' => 'UsersController',
  'plugin' => NULL,
)
Request URL: /users/login
Stack Trace:
#0 /var/www/vhosts/strings-dev/app/webroot/index.php(97): Dispatcher->dispatch(Object(CakeRequest), Object(CakeResponse))
#1 {main}
2013-02-20 05:35:30 Error: [MissingControllerException] Controller class ManagerController could not be found.
Exception Attributes: array (
  'class' => 'ManagerController',
  'plugin' => NULL,
)
Request URL: /manager/status
Stack Trace:
#0 /var/www/vhosts/strings-dev/app/webroot/index.php(97): Dispatcher->dispatch(Object(CakeRequest), Object(CakeResponse))
#1 {main}
2013-02-22 05:39:58 Error: [MissingControllerException] Controller class UserController could not be found.
Exception Attributes: array (
  'class' => 'UserController',
  'plugin' => NULL,
)
Request URL: /user/soapCaller.bs
Stack Trace:
#0 /var/www/vhosts/strings-dev/app/webroot/index.php(97): Dispatcher->dispatch(Object(CakeRequest), Object(CakeResponse))
#1 {main}
2013-02-23 19:45:14 Error: [MissingControllerException] Controller class ManagerController could not be found.
Exception Attributes: array (
  'class' => 'ManagerController',
  'plugin' => NULL,
)
Request URL: /manager/status
Stack Trace:
#0 /var/www/vhosts/strings-dev/app/webroot/index.php(97): Dispatcher->dispatch(Object(CakeRequest), Object(CakeResponse))
#1 {main}
2013-02-24 01:11:56 Error: [MissingControllerException] Controller class ImagesController could not be found.
Exception Attributes: array (
  'class' => 'ImagesController',
  'plugin' => NULL,
)
Request URL: /images/stories/GE/Wizard.jpg
Stack Trace:
#0 /var/www/vhosts/strings-dev/app/webroot/index.php(97): Dispatcher->dispatch(Object(CakeRequest), Object(CakeResponse))
#1 {main}
2013-02-24 11:02:01 Error: [MissingControllerException] Controller class Robots.txtController could not be found.
Exception Attributes: array (
  'class' => 'Robots.txtController',
  'plugin' => NULL,
)
Request URL: /robots.txt
Stack Trace:
#0 /var/www/vhosts/strings-dev/app/webroot/index.php(97): Dispatcher->dispatch(Object(CakeRequest), Object(CakeResponse))
#1 {main}
2013-02-25 09:18:23 Error: [MissingControllerException] Controller class UserController could not be found.
Exception Attributes: array (
  'class' => 'UserController',
  'plugin' => NULL,
)
Request URL: /user/soapCaller.bs
Stack Trace:
#0 /var/www/vhosts/strings-dev/app/webroot/index.php(97): Dispatcher->dispatch(Object(CakeRequest), Object(CakeResponse))
#1 {main}
2013-02-26 17:12:47 Error: [MissingControllerException] Controller class Robots.txtController could not be found.
Exception Attributes: array (
  'class' => 'Robots.txtController',
  'plugin' => NULL,
)
Request URL: /robots.txt
Stack Trace:
#0 /var/www/vhosts/strings-dev/app/webroot/index.php(97): Dispatcher->dispatch(Object(CakeRequest), Object(CakeResponse))
#1 {main}
2013-02-26 19:08:31 Error: [MissingControllerException] Controller class ManagerController could not be found.
Exception Attributes: array (
  'class' => 'ManagerController',
  'plugin' => NULL,
)
Request URL: /manager/status
Stack Trace:
#0 /var/www/vhosts/strings-dev/app/webroot/index.php(97): Dispatcher->dispatch(Object(CakeRequest), Object(CakeResponse))
#1 {main}
2013-02-27 09:27:06 Error: [MissingControllerException] Controller class ManagerController could not be found.
Exception Attributes: array (
  'class' => 'ManagerController',
  'plugin' => NULL,
)
Request URL: /manager/status
Stack Trace:
#0 /var/www/vhosts/strings-dev/app/webroot/index.php(97): Dispatcher->dispatch(Object(CakeRequest), Object(CakeResponse))
#1 {main}
2013-02-27 14:27:50 Error: [MissingControllerException] Controller class ManagerController could not be found.
Exception Attributes: array (
  'class' => 'ManagerController',
  'plugin' => NULL,
)
Request URL: /manager/status
Stack Trace:
#0 /var/www/vhosts/strings-dev/app/webroot/index.php(97): Dispatcher->dispatch(Object(CakeRequest), Object(CakeResponse))
#1 {main}
2013-02-28 02:19:58 Error: [MissingControllerException] Controller class ManagerController could not be found.
Exception Attributes: array (
  'class' => 'ManagerController',
  'plugin' => NULL,
)
Request URL: /manager/status
Stack Trace:
#0 /var/www/vhosts/strings-dev/app/webroot/index.php(97): Dispatcher->dispatch(Object(CakeRequest), Object(CakeResponse))
#1 {main}
2013-02-28 05:26:36 Error: [MissingControllerException] Controller class ManagerController could not be found.
Exception Attributes: array (
  'class' => 'ManagerController',
  'plugin' => NULL,
)
Request URL: /manager/status
Stack Trace:
#0 /var/www/vhosts/strings-dev/app/webroot/index.php(97): Dispatcher->dispatch(Object(CakeRequest), Object(CakeResponse))
#1 {main}
2013-02-28 20:58:01 Error: [MissingControllerException] Controller class PhpMyAdminController could not be found.
Exception Attributes: array (
  'class' => 'PhpMyAdminController',
  'plugin' => NULL,
)
Request URL: /phpMyAdmin/print.css
Stack Trace:
#0 /var/www/vhosts/strings-dev/app/webroot/index.php(97): Dispatcher->dispatch(Object(CakeRequest), Object(CakeResponse))
#1 {main}
2013-03-02 05:53:42 Error: [MissingControllerException] Controller class ManagerController could not be found.
Exception Attributes: array (
  'class' => 'ManagerController',
  'plugin' => NULL,
)
Request URL: /manager/html
Stack Trace:
#0 /var/www/vhosts/strings-dev/app/webroot/index.php(97): Dispatcher->dispatch(Object(CakeRequest), Object(CakeResponse))
#1 {main}
2013-03-04 01:43:53 Error: [MissingControllerException] Controller class ManagerController could not be found.
Exception Attributes: array (
  'class' => 'ManagerController',
  'plugin' => NULL,
)
Request URL: /manager/status
Stack Trace:
#0 /var/www/vhosts/strings-dev/app/webroot/index.php(97): Dispatcher->dispatch(Object(CakeRequest), Object(CakeResponse))
#1 {main}
2013-03-05 04:24:08 Error: [MissingControllerException] Controller class ManagerController could not be found.
Exception Attributes: array (
  'class' => 'ManagerController',
  'plugin' => NULL,
)
Request URL: /manager/status
Stack Trace:
#0 /var/www/vhosts/strings-dev/app/webroot/index.php(97): Dispatcher->dispatch(Object(CakeRequest), Object(CakeResponse))
#1 {main}
2013-03-05 23:48:57 Error: [MissingControllerException] Controller class Robots.txtController could not be found.
Exception Attributes: array (
  'class' => 'Robots.txtController',
  'plugin' => NULL,
)
Request URL: /robots.txt
Stack Trace:
#0 /var/www/vhosts/strings-dev/app/webroot/index.php(97): Dispatcher->dispatch(Object(CakeRequest), Object(CakeResponse))
#1 {main}
2013-03-07 02:49:54 Error: [MissingControllerException] Controller class ManagerController could not be found.
Exception Attributes: array (
  'class' => 'ManagerController',
  'plugin' => NULL,
)
Request URL: /manager/status
Stack Trace:
#0 /var/www/vhosts/strings-dev/app/webroot/index.php(97): Dispatcher->dispatch(Object(CakeRequest), Object(CakeResponse))
#1 {main}
2013-03-10 09:42:52 Error: [MissingControllerException] Controller class Robots.txtController could not be found.
Exception Attributes: array (
  'class' => 'Robots.txtController',
  'plugin' => NULL,
)
Request URL: /robots.txt
Stack Trace:
#0 /var/www/vhosts/strings-dev/app/webroot/index.php(97): Dispatcher->dispatch(Object(CakeRequest), Object(CakeResponse))
#1 {main}
2013-03-11 10:08:35 Error: [MissingControllerException] Controller class Robots.txtController could not be found.
Exception Attributes: array (
  'class' => 'Robots.txtController',
  'plugin' => NULL,
)
Request URL: /robots.txt
Stack Trace:
#0 /var/www/vhosts/strings-dev/app/webroot/index.php(97): Dispatcher->dispatch(Object(CakeRequest), Object(CakeResponse))
#1 {main}
2013-03-11 11:01:00 Error: [MissingControllerException] Controller class ConcursoController could not be found.
Exception Attributes: array (
  'class' => 'ConcursoController',
  'plugin' => NULL,
)
Request URL: /concurso/bacteriologia/salmonella9.gif
Stack Trace:
#0 /var/www/vhosts/strings-dev/app/webroot/index.php(97): Dispatcher->dispatch(Object(CakeRequest), Object(CakeResponse))
#1 {main}
2013-03-13 07:32:43 Error: [MissingControllerException] Controller class UserController could not be found.
Exception Attributes: array (
  'class' => 'UserController',
  'plugin' => NULL,
)
Request URL: /user/soapCaller.bs
Stack Trace:
#0 /var/www/vhosts/strings-dev/app/webroot/index.php(97): Dispatcher->dispatch(Object(CakeRequest), Object(CakeResponse))
#1 {main}
2013-03-13 07:32:43 Error: [MissingControllerException] Controller class UserController could not be found.
Exception Attributes: array (
  'class' => 'UserController',
  'plugin' => NULL,
)
Request URL: /user/soapCaller.bs
Stack Trace:
#0 /var/www/vhosts/strings-dev/app/webroot/index.php(97): Dispatcher->dispatch(Object(CakeRequest), Object(CakeResponse))
#1 {main}
2013-03-17 07:37:25 Error: [MissingControllerException] Controller class ManagerController could not be found.
Exception Attributes: array (
  'class' => 'ManagerController',
  'plugin' => NULL,
)
Request URL: /manager/status
Stack Trace:
#0 /var/www/vhosts/strings-dev/app/webroot/index.php(97): Dispatcher->dispatch(Object(CakeRequest), Object(CakeResponse))
#1 {main}
2013-03-19 08:24:24 Error: [MissingControllerException] Controller class Robots.txtController could not be found.
Exception Attributes: array (
  'class' => 'Robots.txtController',
  'plugin' => NULL,
)
Request URL: /robots.txt
Stack Trace:
#0 /var/www/vhosts/strings-dev/app/webroot/index.php(97): Dispatcher->dispatch(Object(CakeRequest), Object(CakeResponse))
#1 {main}
2013-03-22 11:56:51 Error: [MissingControllerException] Controller class UsersController could not be found.
Exception Attributes: array (
  'class' => 'UsersController',
  'plugin' => NULL,
)
Request URL: /users/login
Stack Trace:
#0 /var/www/vhosts/strings-dev/app/webroot/index.php(97): Dispatcher->dispatch(Object(CakeRequest), Object(CakeResponse))
#1 {main}
2013-03-22 12:00:03 Error: Fatal Error (1): Call to a member function setFlash() on a non-object in [/var/www/vhosts/strings-dev/app/Controller/UsersController.php, line 9]
2013-03-22 12:00:03 Error: [FatalErrorException] Call to a member function setFlash() on a non-object
Request URL: /users/login
Stack Trace:
#0 /var/www/vhosts/strings-dev/lib/Cake/Error/ErrorHandler.php(183): ErrorHandler::handleFatalError(1, 'Call to a membe...', '/var/www/vhosts...', 9)
#1 [internal function]: ErrorHandler::handleError(1, 'Call to a membe...', '/var/www/vhosts...', 9, Array)
#2 /var/www/vhosts/strings-dev/lib/Cake/Core/App.php(926): call_user_func('ErrorHandler::h...', 1, 'Call to a membe...', '/var/www/vhosts...', 9, Array)
#3 /var/www/vhosts/strings-dev/lib/Cake/Core/App.php(899): App::_checkFatalError()
#4 [internal function]: App::shutdown()
#5 {main}
2013-03-22 12:13:25 Error: Fatal Error (1): Call to a member function setFlash() on a non-object in [/var/www/vhosts/strings-dev/app/Controller/UsersController.php, line 9]
2013-03-22 12:13:25 Error: [FatalErrorException] Call to a member function setFlash() on a non-object
Request URL: /users/login
Stack Trace:
#0 /var/www/vhosts/strings-dev/lib/Cake/Error/ErrorHandler.php(183): ErrorHandler::handleFatalError(1, 'Call to a membe...', '/var/www/vhosts...', 9)
#1 [internal function]: ErrorHandler::handleError(1, 'Call to a membe...', '/var/www/vhosts...', 9, Array)
#2 /var/www/vhosts/strings-dev/lib/Cake/Core/App.php(926): call_user_func('ErrorHandler::h...', 1, 'Call to a membe...', '/var/www/vhosts...', 9, Array)
#3 /var/www/vhosts/strings-dev/lib/Cake/Core/App.php(899): App::_checkFatalError()
#4 [internal function]: App::shutdown()
#5 {main}
2013-03-22 12:14:22 Error: [MissingViewException] View file "/var/www/vhosts/strings-dev/app/View/Users/login.ctp" is missing.
Exception Attributes: array (
  'file' => '/var/www/vhosts/strings-dev/app/View/Users/login.ctp',
)
Request URL: /users/login
Stack Trace:
#0 /var/www/vhosts/strings-dev/lib/Cake/View/View.php(467): View->_getViewFileName(NULL)
#1 /var/www/vhosts/strings-dev/lib/Cake/Controller/Controller.php(947): View->render(NULL, NULL)
#2 /var/www/vhosts/strings-dev/lib/Cake/Routing/Dispatcher.php(193): Controller->render()
#3 /var/www/vhosts/strings-dev/lib/Cake/Routing/Dispatcher.php(161): Dispatcher->_invoke(Object(UsersController), Object(CakeRequest), Object(CakeResponse))
#4 /var/www/vhosts/strings-dev/app/webroot/index.php(97): Dispatcher->dispatch(Object(CakeRequest), Object(CakeResponse))
#5 {main}
2013-03-22 12:14:27 Error: [MissingViewException] View file "/var/www/vhosts/strings-dev/app/View/Users/login.ctp" is missing.
Exception Attributes: array (
  'file' => '/var/www/vhosts/strings-dev/app/View/Users/login.ctp',
)
Request URL: /users/login
Stack Trace:
#0 /var/www/vhosts/strings-dev/lib/Cake/View/View.php(467): View->_getViewFileName(NULL)
#1 /var/www/vhosts/strings-dev/lib/Cake/Controller/Controller.php(947): View->render(NULL, NULL)
#2 /var/www/vhosts/strings-dev/lib/Cake/Routing/Dispatcher.php(193): Controller->render()
#3 /var/www/vhosts/strings-dev/lib/Cake/Routing/Dispatcher.php(161): Dispatcher->_invoke(Object(UsersController), Object(CakeRequest), Object(CakeResponse))
#4 /var/www/vhosts/strings-dev/app/webroot/index.php(97): Dispatcher->dispatch(Object(CakeRequest), Object(CakeResponse))
#5 {main}
2013-03-22 12:14:30 Error: [MissingViewException] View file "/var/www/vhosts/strings-dev/app/View/Users/login.ctp" is missing.
Exception Attributes: array (
  'file' => '/var/www/vhosts/strings-dev/app/View/Users/login.ctp',
)
Request URL: /users/login
Stack Trace:
#0 /var/www/vhosts/strings-dev/lib/Cake/View/View.php(467): View->_getViewFileName(NULL)
#1 /var/www/vhosts/strings-dev/lib/Cake/Controller/Controller.php(947): View->render(NULL, NULL)
#2 /var/www/vhosts/strings-dev/lib/Cake/Routing/Dispatcher.php(193): Controller->render()
#3 /var/www/vhosts/strings-dev/lib/Cake/Routing/Dispatcher.php(161): Dispatcher->_invoke(Object(UsersController), Object(CakeRequest), Object(CakeResponse))
#4 /var/www/vhosts/strings-dev/app/webroot/index.php(97): Dispatcher->dispatch(Object(CakeRequest), Object(CakeResponse))
#5 {main}
2013-03-22 12:14:31 Error: [MissingViewException] View file "/var/www/vhosts/strings-dev/app/View/Users/login.ctp" is missing.
Exception Attributes: array (
  'file' => '/var/www/vhosts/strings-dev/app/View/Users/login.ctp',
)
Request URL: /users/login
Stack Trace:
#0 /var/www/vhosts/strings-dev/lib/Cake/View/View.php(467): View->_getViewFileName(NULL)
#1 /var/www/vhosts/strings-dev/lib/Cake/Controller/Controller.php(947): View->render(NULL, NULL)
#2 /var/www/vhosts/strings-dev/lib/Cake/Routing/Dispatcher.php(193): Controller->render()
#3 /var/www/vhosts/strings-dev/lib/Cake/Routing/Dispatcher.php(161): Dispatcher->_invoke(Object(UsersController), Object(CakeRequest), Object(CakeResponse))
#4 /var/www/vhosts/strings-dev/app/webroot/index.php(97): Dispatcher->dispatch(Object(CakeRequest), Object(CakeResponse))
#5 {main}
2013-03-22 12:14:32 Error: [MissingViewException] View file "/var/www/vhosts/strings-dev/app/View/Users/login.ctp" is missing.
Exception Attributes: array (
  'file' => '/var/www/vhosts/strings-dev/app/View/Users/login.ctp',
)
Request URL: /users/login
Stack Trace:
#0 /var/www/vhosts/strings-dev/lib/Cake/View/View.php(467): View->_getViewFileName(NULL)
#1 /var/www/vhosts/strings-dev/lib/Cake/Controller/Controller.php(947): View->render(NULL, NULL)
#2 /var/www/vhosts/strings-dev/lib/Cake/Routing/Dispatcher.php(193): Controller->render()
#3 /var/www/vhosts/strings-dev/lib/Cake/Routing/Dispatcher.php(161): Dispatcher->_invoke(Object(UsersController), Object(CakeRequest), Object(CakeResponse))
#4 /var/www/vhosts/strings-dev/app/webroot/index.php(97): Dispatcher->dispatch(Object(CakeRequest), Object(CakeResponse))
#5 {main}
2013-03-22 12:14:33 Error: [MissingViewException] View file "/var/www/vhosts/strings-dev/app/View/Users/login.ctp" is missing.
Exception Attributes: array (
  'file' => '/var/www/vhosts/strings-dev/app/View/Users/login.ctp',
)
Request URL: /users/login
Stack Trace:
#0 /var/www/vhosts/strings-dev/lib/Cake/View/View.php(467): View->_getViewFileName(NULL)
#1 /var/www/vhosts/strings-dev/lib/Cake/Controller/Controller.php(947): View->render(NULL, NULL)
#2 /var/www/vhosts/strings-dev/lib/Cake/Routing/Dispatcher.php(193): Controller->render()
#3 /var/www/vhosts/strings-dev/lib/Cake/Routing/Dispatcher.php(161): Dispatcher->_invoke(Object(UsersController), Object(CakeRequest), Object(CakeResponse))
#4 /var/www/vhosts/strings-dev/app/webroot/index.php(97): Dispatcher->dispatch(Object(CakeRequest), Object(CakeResponse))
#5 {main}
2013-03-22 12:14:35 Error: [MissingViewException] View file "/var/www/vhosts/strings-dev/app/View/Users/login.ctp" is missing.
Exception Attributes: array (
  'file' => '/var/www/vhosts/strings-dev/app/View/Users/login.ctp',
)
Request URL: /users/login
Stack Trace:
#0 /var/www/vhosts/strings-dev/lib/Cake/View/View.php(467): View->_getViewFileName(NULL)
#1 /var/www/vhosts/strings-dev/lib/Cake/Controller/Controller.php(947): View->render(NULL, NULL)
#2 /var/www/vhosts/strings-dev/lib/Cake/Routing/Dispatcher.php(193): Controller->render()
#3 /var/www/vhosts/strings-dev/lib/Cake/Routing/Dispatcher.php(161): Dispatcher->_invoke(Object(UsersController), Object(CakeRequest), Object(CakeResponse))
#4 /var/www/vhosts/strings-dev/app/webroot/index.php(97): Dispatcher->dispatch(Object(CakeRequest), Object(CakeResponse))
#5 {main}
2013-03-22 12:14:35 Error: [MissingViewException] View file "/var/www/vhosts/strings-dev/app/View/Users/login.ctp" is missing.
Exception Attributes: array (
  'file' => '/var/www/vhosts/strings-dev/app/View/Users/login.ctp',
)
Request URL: /users/login
Stack Trace:
#0 /var/www/vhosts/strings-dev/lib/Cake/View/View.php(467): View->_getViewFileName(NULL)
#1 /var/www/vhosts/strings-dev/lib/Cake/Controller/Controller.php(947): View->render(NULL, NULL)
#2 /var/www/vhosts/strings-dev/lib/Cake/Routing/Dispatcher.php(193): Controller->render()
#3 /var/www/vhosts/strings-dev/lib/Cake/Routing/Dispatcher.php(161): Dispatcher->_invoke(Object(UsersController), Object(CakeRequest), Object(CakeResponse))
#4 /var/www/vhosts/strings-dev/app/webroot/index.php(97): Dispatcher->dispatch(Object(CakeRequest), Object(CakeResponse))
#5 {main}
2013-03-22 12:14:36 Error: [MissingViewException] View file "/var/www/vhosts/strings-dev/app/View/Users/login.ctp" is missing.
Exception Attributes: array (
  'file' => '/var/www/vhosts/strings-dev/app/View/Users/login.ctp',
)
Request URL: /users/login
Stack Trace:
#0 /var/www/vhosts/strings-dev/lib/Cake/View/View.php(467): View->_getViewFileName(NULL)
#1 /var/www/vhosts/strings-dev/lib/Cake/Controller/Controller.php(947): View->render(NULL, NULL)
#2 /var/www/vhosts/strings-dev/lib/Cake/Routing/Dispatcher.php(193): Controller->render()
#3 /var/www/vhosts/strings-dev/lib/Cake/Routing/Dispatcher.php(161): Dispatcher->_invoke(Object(UsersController), Object(CakeRequest), Object(CakeResponse))
#4 /var/www/vhosts/strings-dev/app/webroot/index.php(97): Dispatcher->dispatch(Object(CakeRequest), Object(CakeResponse))
#5 {main}
2013-03-22 12:15:53 Error: [MissingViewException] View file "/var/www/vhosts/strings-dev/app/View/Users/login.ctp" is missing.
Exception Attributes: array (
  'file' => '/var/www/vhosts/strings-dev/app/View/Users/login.ctp',
)
Request URL: /users/login
Stack Trace:
#0 /var/www/vhosts/strings-dev/lib/Cake/View/View.php(467): View->_getViewFileName(NULL)
#1 /var/www/vhosts/strings-dev/lib/Cake/Controller/Controller.php(947): View->render(NULL, NULL)
#2 /var/www/vhosts/strings-dev/lib/Cake/Routing/Dispatcher.php(193): Controller->render()
#3 /var/www/vhosts/strings-dev/lib/Cake/Routing/Dispatcher.php(161): Dispatcher->_invoke(Object(UsersController), Object(CakeRequest), Object(CakeResponse))
#4 /var/www/vhosts/strings-dev/app/webroot/index.php(97): Dispatcher->dispatch(Object(CakeRequest), Object(CakeResponse))
#5 {main}
2013-03-22 12:15:56 Error: [MissingViewException] View file "/var/www/vhosts/strings-dev/app/View/Users/login.ctp" is missing.
Exception Attributes: array (
  'file' => '/var/www/vhosts/strings-dev/app/View/Users/login.ctp',
)
Request URL: /users/login
Stack Trace:
#0 /var/www/vhosts/strings-dev/lib/Cake/View/View.php(467): View->_getViewFileName(NULL)
#1 /var/www/vhosts/strings-dev/lib/Cake/Controller/Controller.php(947): View->render(NULL, NULL)
#2 /var/www/vhosts/strings-dev/lib/Cake/Routing/Dispatcher.php(193): Controller->render()
#3 /var/www/vhosts/strings-dev/lib/Cake/Routing/Dispatcher.php(161): Dispatcher->_invoke(Object(UsersController), Object(CakeRequest), Object(CakeResponse))
#4 /var/www/vhosts/strings-dev/app/webroot/index.php(97): Dispatcher->dispatch(Object(CakeRequest), Object(CakeResponse))
#5 {main}
2013-03-22 12:38:37 Error: [MissingTableException] Table users for model User was not found in datasource default.
Exception Attributes: array (
  'table' => 'users',
  'class' => 'User',
  'ds' => 'default',
)
Request URL: /users/login
Stack Trace:
#0 /var/www/vhosts/strings-dev/lib/Cake/Model/Model.php(3217): Model->setSource('users')
#1 /var/www/vhosts/strings-dev/lib/Cake/Model/Model.php(2674): Model->getDataSource()
#2 /var/www/vhosts/strings-dev/lib/Cake/Controller/Component/Auth/BaseAuthenticate.php(98): Model->find('first', Array)
#3 /var/www/vhosts/strings-dev/lib/Cake/Controller/Component/Auth/FormAuthenticate.php(80): BaseAuthenticate->_findUser('asdfasdf', 'asdfasdf')
#4 /var/www/vhosts/strings-dev/lib/Cake/Controller/Component/AuthComponent.php(674): FormAuthenticate->authenticate(Object(CakeRequest), Object(CakeResponse))
#5 /var/www/vhosts/strings-dev/lib/Cake/Controller/Component/AuthComponent.php(540): AuthComponent->identify(Object(CakeRequest), Object(CakeResponse))
#6 /var/www/vhosts/strings-dev/app/Controller/UsersController.php(14): AuthComponent->login()
#7 [internal function]: UsersController->login()
#8 /var/www/vhosts/strings-dev/lib/Cake/Controller/Controller.php(485): ReflectionMethod->invokeArgs(Object(UsersController), Array)
#9 /var/www/vhosts/strings-dev/lib/Cake/Routing/Dispatcher.php(186): Controller->invokeAction(Object(CakeRequest))
#10 /var/www/vhosts/strings-dev/lib/Cake/Routing/Dispatcher.php(161): Dispatcher->_invoke(Object(UsersController), Object(CakeRequest), Object(CakeResponse))
#11 /var/www/vhosts/strings-dev/app/webroot/index.php(97): Dispatcher->dispatch(Object(CakeRequest), Object(CakeResponse))
#12 {main}
2013-03-22 12:39:32 Error: [MissingTableException] Table organizations for model Organization was not found in datasource default.
Exception Attributes: array (
  'table' => 'organizations',
  'class' => 'Organization',
  'ds' => 'default',
)
Request URL: /users/login
Stack Trace:
#0 /var/www/vhosts/strings-dev/lib/Cake/Model/Model.php(3217): Model->setSource('organizations')
#1 /var/www/vhosts/strings-dev/lib/Cake/Model/Datasource/DboSource.php(1066): Model->getDataSource()
#2 /var/www/vhosts/strings-dev/lib/Cake/Model/Model.php(2674): DboSource->read(Object(User), Array)
#3 /var/www/vhosts/strings-dev/lib/Cake/Controller/Component/Auth/BaseAuthenticate.php(98): Model->find('first', Array)
#4 /var/www/vhosts/strings-dev/lib/Cake/Controller/Component/Auth/FormAuthenticate.php(80): BaseAuthenticate->_findUser('asdfasdf', 'asdfasdf')
#5 /var/www/vhosts/strings-dev/lib/Cake/Controller/Component/AuthComponent.php(674): FormAuthenticate->authenticate(Object(CakeRequest), Object(CakeResponse))
#6 /var/www/vhosts/strings-dev/lib/Cake/Controller/Component/AuthComponent.php(540): AuthComponent->identify(Object(CakeRequest), Object(CakeResponse))
#7 /var/www/vhosts/strings-dev/app/Controller/UsersController.php(14): AuthComponent->login()
#8 [internal function]: UsersController->login()
#9 /var/www/vhosts/strings-dev/lib/Cake/Controller/Controller.php(485): ReflectionMethod->invokeArgs(Object(UsersController), Array)
#10 /var/www/vhosts/strings-dev/lib/Cake/Routing/Dispatcher.php(186): Controller->invokeAction(Object(CakeRequest))
#11 /var/www/vhosts/strings-dev/lib/Cake/Routing/Dispatcher.php(161): Dispatcher->_invoke(Object(UsersController), Object(CakeRequest), Object(CakeResponse))
#12 /var/www/vhosts/strings-dev/app/webroot/index.php(97): Dispatcher->dispatch(Object(CakeRequest), Object(CakeResponse))
#13 {main}
2013-03-22 12:40:03 Error: [PDOException] SQLSTATE[42S22]: Column not found: 1054 Unknown column 'User.username' in 'where clause'
Request URL: /users/login
Stack Trace:
#0 /var/www/vhosts/strings-dev/lib/Cake/Model/Datasource/DboSource.php(459): PDOStatement->execute(Array)
#1 /var/www/vhosts/strings-dev/lib/Cake/Model/Datasource/DboSource.php(425): DboSource->_execute('SELECT `User`.`...', Array)
#2 /var/www/vhosts/strings-dev/lib/Cake/Model/Datasource/DboSource.php(669): DboSource->execute('SELECT `User`.`...', Array, Array)
#3 /var/www/vhosts/strings-dev/lib/Cake/Model/Datasource/DboSource.php(1080): DboSource->fetchAll('SELECT `User`.`...', false)
#4 /var/www/vhosts/strings-dev/lib/Cake/Model/Model.php(2674): DboSource->read(Object(User), Array)
#5 /var/www/vhosts/strings-dev/lib/Cake/Controller/Component/Auth/BaseAuthenticate.php(98): Model->find('first', Array)
#6 /var/www/vhosts/strings-dev/lib/Cake/Controller/Component/Auth/FormAuthenticate.php(80): BaseAuthenticate->_findUser('asdfasdf', 'asdfasdf')
#7 /var/www/vhosts/strings-dev/lib/Cake/Controller/Component/AuthComponent.php(674): FormAuthenticate->authenticate(Object(CakeRequest), Object(CakeResponse))
#8 /var/www/vhosts/strings-dev/lib/Cake/Controller/Component/AuthComponent.php(540): AuthComponent->identify(Object(CakeRequest), Object(CakeResponse))
#9 /var/www/vhosts/strings-dev/app/Controller/UsersController.php(14): AuthComponent->login()
#10 [internal function]: UsersController->login()
#11 /var/www/vhosts/strings-dev/lib/Cake/Controller/Controller.php(485): ReflectionMethod->invokeArgs(Object(UsersController), Array)
#12 /var/www/vhosts/strings-dev/lib/Cake/Routing/Dispatcher.php(186): Controller->invokeAction(Object(CakeRequest))
#13 /var/www/vhosts/strings-dev/lib/Cake/Routing/Dispatcher.php(161): Dispatcher->_invoke(Object(UsersController), Object(CakeRequest), Object(CakeResponse))
#14 /var/www/vhosts/strings-dev/app/webroot/index.php(97): Dispatcher->dispatch(Object(CakeRequest), Object(CakeResponse))
#15 {main}
2013-03-22 12:46:06 Error: [PDOException] SQLSTATE[42S22]: Column not found: 1054 Unknown column 'Organization.shortname' in 'where clause'
Request URL: /users/login
Stack Trace:
#0 /var/www/vhosts/strings-dev/lib/Cake/Model/Datasource/DboSource.php(459): PDOStatement->execute(Array)
#1 /var/www/vhosts/strings-dev/lib/Cake/Model/Datasource/DboSource.php(425): DboSource->_execute('SELECT `User`.`...', Array)
#2 /var/www/vhosts/strings-dev/lib/Cake/Model/Datasource/DboSource.php(669): DboSource->execute('SELECT `User`.`...', Array, Array)
#3 /var/www/vhosts/strings-dev/lib/Cake/Model/Datasource/DboSource.php(1080): DboSource->fetchAll('SELECT `User`.`...', false)
#4 /var/www/vhosts/strings-dev/lib/Cake/Model/Model.php(2674): DboSource->read(Object(User), Array)
#5 /var/www/vhosts/strings-dev/lib/Cake/Controller/Component/Auth/BaseAuthenticate.php(98): Model->find('first', Array)
#6 /var/www/vhosts/strings-dev/lib/Cake/Controller/Component/Auth/FormAuthenticate.php(80): BaseAuthenticate->_findUser('asdfasdf', 'asdfasdf')
#7 /var/www/vhosts/strings-dev/lib/Cake/Controller/Component/AuthComponent.php(674): FormAuthenticate->authenticate(Object(CakeRequest), Object(CakeResponse))
#8 /var/www/vhosts/strings-dev/lib/Cake/Controller/Component/AuthComponent.php(540): AuthComponent->identify(Object(CakeRequest), Object(CakeResponse))
#9 /var/www/vhosts/strings-dev/app/Controller/UsersController.php(12): AuthComponent->login()
#10 [internal function]: UsersController->login()
#11 /var/www/vhosts/strings-dev/lib/Cake/Controller/Controller.php(485): ReflectionMethod->invokeArgs(Object(UsersController), Array)
#12 /var/www/vhosts/strings-dev/lib/Cake/Routing/Dispatcher.php(186): Controller->invokeAction(Object(CakeRequest))
#13 /var/www/vhosts/strings-dev/lib/Cake/Routing/Dispatcher.php(161): Dispatcher->_invoke(Object(UsersController), Object(CakeRequest), Object(CakeResponse))
#14 /var/www/vhosts/strings-dev/app/webroot/index.php(97): Dispatcher->dispatch(Object(CakeRequest), Object(CakeResponse))
#15 {main}
2013-03-22 12:46:38 Error: [PDOException] SQLSTATE[42S22]: Column not found: 1054 Unknown column 'Organization.shortname' in 'where clause'
Request URL: /users/login
Stack Trace:
#0 /var/www/vhosts/strings-dev/lib/Cake/Model/Datasource/DboSource.php(459): PDOStatement->execute(Array)
#1 /var/www/vhosts/strings-dev/lib/Cake/Model/Datasource/DboSource.php(425): DboSource->_execute('SELECT `User`.`...', Array)
#2 /var/www/vhosts/strings-dev/lib/Cake/Model/Datasource/DboSource.php(669): DboSource->execute('SELECT `User`.`...', Array, Array)
#3 /var/www/vhosts/strings-dev/lib/Cake/Model/Datasource/DboSource.php(1080): DboSource->fetchAll('SELECT `User`.`...', false)
#4 /var/www/vhosts/strings-dev/lib/Cake/Model/Model.php(2674): DboSource->read(Object(User), Array)
#5 /var/www/vhosts/strings-dev/lib/Cake/Controller/Component/Auth/BaseAuthenticate.php(98): Model->find('first', Array)
#6 /var/www/vhosts/strings-dev/lib/Cake/Controller/Component/Auth/FormAuthenticate.php(80): BaseAuthenticate->_findUser('asdfasdf', 'asdfasdf')
#7 /var/www/vhosts/strings-dev/lib/Cake/Controller/Component/AuthComponent.php(674): FormAuthenticate->authenticate(Object(CakeRequest), Object(CakeResponse))
#8 /var/www/vhosts/strings-dev/lib/Cake/Controller/Component/AuthComponent.php(540): AuthComponent->identify(Object(CakeRequest), Object(CakeResponse))
#9 /var/www/vhosts/strings-dev/app/Controller/UsersController.php(12): AuthComponent->login()
#10 [internal function]: UsersController->login()
#11 /var/www/vhosts/strings-dev/lib/Cake/Controller/Controller.php(485): ReflectionMethod->invokeArgs(Object(UsersController), Array)
#12 /var/www/vhosts/strings-dev/lib/Cake/Routing/Dispatcher.php(186): Controller->invokeAction(Object(CakeRequest))
#13 /var/www/vhosts/strings-dev/lib/Cake/Routing/Dispatcher.php(161): Dispatcher->_invoke(Object(UsersController), Object(CakeRequest), Object(CakeResponse))
#14 /var/www/vhosts/strings-dev/app/webroot/index.php(97): Dispatcher->dispatch(Object(CakeRequest), Object(CakeResponse))
#15 {main}
2013-03-22 12:51:23 Error: [PDOException] SQLSTATE[42S22]: Column not found: 1054 Unknown column 'Organization.shortname' in 'where clause'
Request URL: /users/login
Stack Trace:
#0 /var/www/vhosts/strings-dev/lib/Cake/Model/Datasource/DboSource.php(459): PDOStatement->execute(Array)
#1 /var/www/vhosts/strings-dev/lib/Cake/Model/Datasource/DboSource.php(425): DboSource->_execute('SELECT `User`.`...', Array)
#2 /var/www/vhosts/strings-dev/lib/Cake/Model/Datasource/DboSource.php(669): DboSource->execute('SELECT `User`.`...', Array, Array)
#3 /var/www/vhosts/strings-dev/lib/Cake/Model/Datasource/DboSource.php(1080): DboSource->fetchAll('SELECT `User`.`...', false)
#4 /var/www/vhosts/strings-dev/lib/Cake/Model/Model.php(2674): DboSource->read(Object(User), Array)
#5 /var/www/vhosts/strings-dev/lib/Cake/Controller/Component/Auth/BaseAuthenticate.php(98): Model->find('first', Array)
#6 /var/www/vhosts/strings-dev/lib/Cake/Controller/Component/Auth/FormAuthenticate.php(80): BaseAuthenticate->_findUser('asdfasdf', 'asdfasdf')
#7 /var/www/vhosts/strings-dev/lib/Cake/Controller/Component/AuthComponent.php(674): FormAuthenticate->authenticate(Object(CakeRequest), Object(CakeResponse))
#8 /var/www/vhosts/strings-dev/lib/Cake/Controller/Component/AuthComponent.php(540): AuthComponent->identify(Object(CakeRequest), Object(CakeResponse))
#9 /var/www/vhosts/strings-dev/app/Controller/UsersController.php(12): AuthComponent->login()
#10 [internal function]: UsersController->login()
#11 /var/www/vhosts/strings-dev/lib/Cake/Controller/Controller.php(485): ReflectionMethod->invokeArgs(Object(UsersController), Array)
#12 /var/www/vhosts/strings-dev/lib/Cake/Routing/Dispatcher.php(186): Controller->invokeAction(Object(CakeRequest))
#13 /var/www/vhosts/strings-dev/lib/Cake/Routing/Dispatcher.php(161): Dispatcher->_invoke(Object(UsersController), Object(CakeRequest), Object(CakeResponse))
#14 /var/www/vhosts/strings-dev/app/webroot/index.php(97): Dispatcher->dispatch(Object(CakeRequest), Object(CakeResponse))
#15 {main}
2013-03-22 21:38:01 Error: Fatal Error (4): syntax error, unexpected T_CONSTANT_ENCAPSED_STRING, expecting ')' in [/var/www/vhosts/strings-dev/app/Model/Organization.php, line 36]
2013-03-22 21:38:01 Error: [FatalErrorException] syntax error, unexpected T_CONSTANT_ENCAPSED_STRING, expecting ')'
Request URL: /organizations/edit
Stack Trace:
#0 /var/www/vhosts/strings-dev/lib/Cake/Error/ErrorHandler.php(183): ErrorHandler::handleFatalError(4, 'syntax error, u...', '/var/www/vhosts...', 36)
#1 [internal function]: ErrorHandler::handleError(4, 'syntax error, u...', '/var/www/vhosts...', 36, Array)
#2 /var/www/vhosts/strings-dev/lib/Cake/Core/App.php(926): call_user_func('ErrorHandler::h...', 4, 'syntax error, u...', '/var/www/vhosts...', 36, Array)
#3 /var/www/vhosts/strings-dev/lib/Cake/Core/App.php(899): App::_checkFatalError()
#4 [internal function]: App::shutdown()
#5 {main}
2013-03-22 22:11:28 Error: Fatal Error (64): Can't use method return value in write context in [/var/www/vhosts/strings-dev/app/Controller/UsersController.php, line 21]
2013-03-22 22:11:28 Error: [FatalErrorException] Can't use method return value in write context
Request URL: /users/create
Stack Trace:
#0 /var/www/vhosts/strings-dev/lib/Cake/Error/ErrorHandler.php(183): ErrorHandler::handleFatalError(64, 'Can't use metho...', '/var/www/vhosts...', 21)
#1 [internal function]: ErrorHandler::handleError(64, 'Can't use metho...', '/var/www/vhosts...', 21, Array)
#2 /var/www/vhosts/strings-dev/lib/Cake/Core/App.php(926): call_user_func('ErrorHandler::h...', 64, 'Can't use metho...', '/var/www/vhosts...', 21, Array)
#3 /var/www/vhosts/strings-dev/lib/Cake/Core/App.php(899): App::_checkFatalError()
#4 [internal function]: App::shutdown()
#5 {main}
2013-03-22 22:12:05 Error: Fatal Error (64): Can't use method return value in write context in [/var/www/vhosts/strings-dev/app/Controller/UsersController.php, line 23]
2013-03-22 22:12:05 Error: [FatalErrorException] Can't use method return value in write context
Request URL: /users/create
Stack Trace:
#0 /var/www/vhosts/strings-dev/lib/Cake/Error/ErrorHandler.php(183): ErrorHandler::handleFatalError(64, 'Can't use metho...', '/var/www/vhosts...', 23)
#1 [internal function]: ErrorHandler::handleError(64, 'Can't use metho...', '/var/www/vhosts...', 23, Array)
#2 /var/www/vhosts/strings-dev/lib/Cake/Core/App.php(926): call_user_func('ErrorHandler::h...', 64, 'Can't use metho...', '/var/www/vhosts...', 23, Array)
#3 /var/www/vhosts/strings-dev/lib/Cake/Core/App.php(899): App::_checkFatalError()
#4 [internal function]: App::shutdown()
#5 {main}
2013-03-22 22:12:50 Error: Fatal Error (64): Can't use method return value in write context in [/var/www/vhosts/strings-dev/app/Controller/UsersController.php, line 21]
2013-03-22 22:12:50 Error: [FatalErrorException] Can't use method return value in write context
Request URL: /users/login
Stack Trace:
#0 /var/www/vhosts/strings-dev/lib/Cake/Error/ErrorHandler.php(183): ErrorHandler::handleFatalError(64, 'Can't use metho...', '/var/www/vhosts...', 21)
#1 [internal function]: ErrorHandler::handleError(64, 'Can't use metho...', '/var/www/vhosts...', 21, Array)
#2 /var/www/vhosts/strings-dev/lib/Cake/Core/App.php(926): call_user_func('ErrorHandler::h...', 64, 'Can't use metho...', '/var/www/vhosts...', 21, Array)
#3 /var/www/vhosts/strings-dev/lib/Cake/Core/App.php(899): App::_checkFatalError()
#4 [internal function]: App::shutdown()
#5 {main}
2013-03-22 22:13:32 Error: [MissingActionException] Action UsersController::login() could not be found.
Exception Attributes: array (
  'controller' => 'UsersController',
  'action' => 'login',
)
Request URL: /users/login
Stack Trace:
#0 /var/www/vhosts/strings-dev/lib/Cake/Routing/Dispatcher.php(186): Controller->invokeAction(Object(CakeRequest))
#1 /var/www/vhosts/strings-dev/lib/Cake/Routing/Dispatcher.php(161): Dispatcher->_invoke(Object(UsersController), Object(CakeRequest), Object(CakeResponse))
#2 /var/www/vhosts/strings-dev/app/webroot/index.php(97): Dispatcher->dispatch(Object(CakeRequest), Object(CakeResponse))
#3 {main}
2013-03-22 22:14:59 Error: Fatal Error (64): Can't use method return value in write context in [/var/www/vhosts/strings-dev/app/Controller/UsersController.php, line 22]
2013-03-22 22:14:59 Error: [FatalErrorException] Can't use method return value in write context
Request URL: /users/create
Stack Trace:
#0 /var/www/vhosts/strings-dev/lib/Cake/Error/ErrorHandler.php(183): ErrorHandler::handleFatalError(64, 'Can't use metho...', '/var/www/vhosts...', 22)
#1 [internal function]: ErrorHandler::handleError(64, 'Can't use metho...', '/var/www/vhosts...', 22, Array)
#2 /var/www/vhosts/strings-dev/lib/Cake/Core/App.php(926): call_user_func('ErrorHandler::h...', 64, 'Can't use metho...', '/var/www/vhosts...', 22, Array)
#3 /var/www/vhosts/strings-dev/lib/Cake/Core/App.php(899): App::_checkFatalError()
#4 [internal function]: App::shutdown()
#5 {main}
2013-03-22 22:15:12 Error: Fatal Error (64): Can't use method return value in write context in [/var/www/vhosts/strings-dev/app/Controller/UsersController.php, line 22]
2013-03-22 22:15:12 Error: [FatalErrorException] Can't use method return value in write context
Request URL: /users/create
Stack Trace:
#0 /var/www/vhosts/strings-dev/lib/Cake/Error/ErrorHandler.php(183): ErrorHandler::handleFatalError(64, 'Can't use metho...', '/var/www/vhosts...', 22)
#1 [internal function]: ErrorHandler::handleError(64, 'Can't use metho...', '/var/www/vhosts...', 22, Array)
#2 /var/www/vhosts/strings-dev/lib/Cake/Core/App.php(926): call_user_func('ErrorHandler::h...', 64, 'Can't use metho...', '/var/www/vhosts...', 22, Array)
#3 /var/www/vhosts/strings-dev/lib/Cake/Core/App.php(899): App::_checkFatalError()
#4 [internal function]: App::shutdown()
#5 {main}
2013-03-22 22:15:55 Error: Fatal Error (64): Can't use method return value in write context in [/var/www/vhosts/strings-dev/app/Controller/UsersController.php, line 22]
2013-03-22 22:15:55 Error: [FatalErrorException] Can't use method return value in write context
Request URL: /users/create
Stack Trace:
#0 /var/www/vhosts/strings-dev/lib/Cake/Error/ErrorHandler.php(183): ErrorHandler::handleFatalError(64, 'Can't use metho...', '/var/www/vhosts...', 22)
#1 [internal function]: ErrorHandler::handleError(64, 'Can't use metho...', '/var/www/vhosts...', 22, Array)
#2 /var/www/vhosts/strings-dev/lib/Cake/Core/App.php(926): call_user_func('ErrorHandler::h...', 64, 'Can't use metho...', '/var/www/vhosts...', 22, Array)
#3 /var/www/vhosts/strings-dev/lib/Cake/Core/App.php(899): App::_checkFatalError()
#4 [internal function]: App::shutdown()
#5 {main}
2013-03-22 22:15:57 Error: Fatal Error (64): Can't use method return value in write context in [/var/www/vhosts/strings-dev/app/Controller/UsersController.php, line 22]
2013-03-22 22:15:57 Error: [FatalErrorException] Can't use method return value in write context
Request URL: /users/create
Stack Trace:
#0 /var/www/vhosts/strings-dev/lib/Cake/Error/ErrorHandler.php(183): ErrorHandler::handleFatalError(64, 'Can't use metho...', '/var/www/vhosts...', 22)
#1 [internal function]: ErrorHandler::handleError(64, 'Can't use metho...', '/var/www/vhosts...', 22, Array)
#2 /var/www/vhosts/strings-dev/lib/Cake/Core/App.php(926): call_user_func('ErrorHandler::h...', 64, 'Can't use metho...', '/var/www/vhosts...', 22, Array)
#3 /var/www/vhosts/strings-dev/lib/Cake/Core/App.php(899): App::_checkFatalError()
#4 [internal function]: App::shutdown()
#5 {main}
2013-03-22 22:16:26 Error: Fatal Error (64): Can't use method return value in write context in [/var/www/vhosts/strings-dev/app/Controller/UsersController.php, line 22]
2013-03-22 22:16:26 Error: [FatalErrorException] Can't use method return value in write context
Request URL: /users/create
Stack Trace:
#0 /var/www/vhosts/strings-dev/lib/Cake/Error/ErrorHandler.php(183): ErrorHandler::handleFatalError(64, 'Can't use metho...', '/var/www/vhosts...', 22)
#1 [internal function]: ErrorHandler::handleError(64, 'Can't use metho...', '/var/www/vhosts...', 22, Array)
#2 /var/www/vhosts/strings-dev/lib/Cake/Core/App.php(926): call_user_func('ErrorHandler::h...', 64, 'Can't use metho...', '/var/www/vhosts...', 22, Array)
#3 /var/www/vhosts/strings-dev/lib/Cake/Core/App.php(899): App::_checkFatalError()
#4 [internal function]: App::shutdown()
#5 {main}
2013-03-22 22:29:27 Error: Fatal Error (4): syntax error, unexpected T_CONSTANT_ENCAPSED_STRING, expecting ')' in [/var/www/vhosts/strings-dev/app/Model/User.php, line 29]
2013-03-22 22:29:27 Error: [FatalErrorException] syntax error, unexpected T_CONSTANT_ENCAPSED_STRING, expecting ')'
Request URL: /users/create
Stack Trace:
#0 /var/www/vhosts/strings-dev/lib/Cake/Error/ErrorHandler.php(183): ErrorHandler::handleFatalError(4, 'syntax error, u...', '/var/www/vhosts...', 29)
#1 [internal function]: ErrorHandler::handleError(4, 'syntax error, u...', '/var/www/vhosts...', 29, Array)
#2 /var/www/vhosts/strings-dev/lib/Cake/Core/App.php(926): call_user_func('ErrorHandler::h...', 4, 'syntax error, u...', '/var/www/vhosts...', 29, Array)
#3 /var/www/vhosts/strings-dev/lib/Cake/Core/App.php(899): App::_checkFatalError()
#4 [internal function]: App::shutdown()
#5 {main}
2013-03-24 08:56:19 Error: [MissingControllerException] Controller class ManagerController could not be found.
Exception Attributes: array (
  'class' => 'ManagerController',
  'plugin' => NULL,
)
Request URL: /manager/status
Stack Trace:
#0 /var/www/vhosts/strings-dev/app/webroot/index.php(97): Dispatcher->dispatch(Object(CakeRequest), Object(CakeResponse))
#1 {main}
2013-03-25 12:34:35 Error: [MissingControllerException] Controller class HeadersController could not be found.
Exception Attributes: array (
  'class' => 'HeadersController',
  'plugin' => NULL,
)
Request URL: /headers
Stack Trace:
#0 /var/www/vhosts/strings-dev/app/webroot/index.php(97): Dispatcher->dispatch(Object(CakeRequest), Object(CakeResponse))
#1 {main}
2013-03-26 05:14:35 Error: [MissingControllerException] Controller class UserController could not be found.
Exception Attributes: array (
  'class' => 'UserController',
  'plugin' => NULL,
)
Request URL: /user/soapCaller.bs
Stack Trace:
#0 /var/www/vhosts/strings-dev/app/webroot/index.php(97): Dispatcher->dispatch(Object(CakeRequest), Object(CakeResponse))
#1 {main}
2013-03-27 03:21:05 Error: [MissingControllerException] Controller class ManagerController could not be found.
Exception Attributes: array (
  'class' => 'ManagerController',
  'plugin' => NULL,
)
Request URL: /manager/status
Stack Trace:
#0 /var/www/vhosts/strings-dev/app/webroot/index.php(97): Dispatcher->dispatch(Object(CakeRequest), Object(CakeResponse))
#1 {main}
2013-03-27 03:32:54 Error: [MissingControllerException] Controller class Robots.txtController could not be found.
Exception Attributes: array (
  'class' => 'Robots.txtController',
  'plugin' => NULL,
)
Request URL: /robots.txt
Stack Trace:
#0 /var/www/vhosts/strings-dev/app/webroot/index.php(97): Dispatcher->dispatch(Object(CakeRequest), Object(CakeResponse))
#1 {main}
2013-03-27 05:17:54 Error: [MissingControllerException] Controller class Robots.txtController could not be found.
Exception Attributes: array (
  'class' => 'Robots.txtController',
  'plugin' => NULL,
)
Request URL: /robots.txt
Stack Trace:
#0 /var/www/vhosts/strings-dev/app/webroot/index.php(97): Dispatcher->dispatch(Object(CakeRequest), Object(CakeResponse))
#1 {main}
2013-03-28 21:39:34 Error: [MissingControllerException] Controller class ImgController could not be found.
Exception Attributes: array (
  'class' => 'ImgController',
  'plugin' => NULL,
)
Request URL: /img/dark_stripes.png
Stack Trace:
#0 /var/www/vhosts/strings-dev/app/webroot/index.php(97): Dispatcher->dispatch(Object(CakeRequest), Object(CakeResponse))
#1 {main}
2013-03-28 21:39:35 Error: [MissingActionException] Action UsersController::assets() could not be found.
Exception Attributes: array (
  'controller' => 'UsersController',
  'action' => 'assets',
)
Request URL: /users/assets/html/header.html
Stack Trace:
#0 /var/www/vhosts/strings-dev/lib/Cake/Routing/Dispatcher.php(186): Controller->invokeAction(Object(CakeRequest))
#1 /var/www/vhosts/strings-dev/lib/Cake/Routing/Dispatcher.php(161): Dispatcher->_invoke(Object(UsersController), Object(CakeRequest), Object(CakeResponse))
#2 /var/www/vhosts/strings-dev/app/webroot/index.php(97): Dispatcher->dispatch(Object(CakeRequest), Object(CakeResponse))
#3 {main}
2013-03-28 21:39:35 Error: [MissingControllerException] Controller class ImgController could not be found.
Exception Attributes: array (
  'class' => 'ImgController',
  'plugin' => NULL,
)
Request URL: /img/stripe.png
Stack Trace:
#0 /var/www/vhosts/strings-dev/app/webroot/index.php(97): Dispatcher->dispatch(Object(CakeRequest), Object(CakeResponse))
#1 {main}
2013-03-28 21:39:35 Error: [MissingControllerException] Controller class ImgController could not be found.
Exception Attributes: array (
  'class' => 'ImgController',
  'plugin' => NULL,
)
Request URL: /img/loading.gif
Stack Trace:
#0 /var/www/vhosts/strings-dev/app/webroot/index.php(97): Dispatcher->dispatch(Object(CakeRequest), Object(CakeResponse))
#1 {main}
2013-03-28 21:39:35 Error: [MissingActionException] Action UsersController::assets() could not be found.
Exception Attributes: array (
  'controller' => 'UsersController',
  'action' => 'assets',
)
Request URL: /users/assets/html/nav.html
Stack Trace:
#0 /var/www/vhosts/strings-dev/lib/Cake/Routing/Dispatcher.php(186): Controller->invokeAction(Object(CakeRequest))
#1 /var/www/vhosts/strings-dev/lib/Cake/Routing/Dispatcher.php(161): Dispatcher->_invoke(Object(UsersController), Object(CakeRequest), Object(CakeResponse))
#2 /var/www/vhosts/strings-dev/app/webroot/index.php(97): Dispatcher->dispatch(Object(CakeRequest), Object(CakeResponse))
#3 {main}
2013-03-28 21:50:08 Error: [MissingControllerException] Controller class ImgController could not be found.
Exception Attributes: array (
  'class' => 'ImgController',
  'plugin' => NULL,
)
Request URL: /img/dark_stripes.png
Stack Trace:
#0 /var/www/vhosts/strings-dev/app/webroot/index.php(97): Dispatcher->dispatch(Object(CakeRequest), Object(CakeResponse))
#1 {main}
2013-03-28 21:50:09 Error: [MissingActionException] Action UsersController::assets() could not be found.
Exception Attributes: array (
  'controller' => 'UsersController',
  'action' => 'assets',
)
Request URL: /users/assets/html/header.html
Stack Trace:
#0 /var/www/vhosts/strings-dev/lib/Cake/Routing/Dispatcher.php(186): Controller->invokeAction(Object(CakeRequest))
#1 /var/www/vhosts/strings-dev/lib/Cake/Routing/Dispatcher.php(161): Dispatcher->_invoke(Object(UsersController), Object(CakeRequest), Object(CakeResponse))
#2 /var/www/vhosts/strings-dev/app/webroot/index.php(97): Dispatcher->dispatch(Object(CakeRequest), Object(CakeResponse))
#3 {main}
2013-03-28 21:50:09 Error: [MissingActionException] Action UsersController::assets() could not be found.
Exception Attributes: array (
  'controller' => 'UsersController',
  'action' => 'assets',
)
Request URL: /users/assets/html/nav.html
Stack Trace:
#0 /var/www/vhosts/strings-dev/lib/Cake/Routing/Dispatcher.php(186): Controller->invokeAction(Object(CakeRequest))
#1 /var/www/vhosts/strings-dev/lib/Cake/Routing/Dispatcher.php(161): Dispatcher->_invoke(Object(UsersController), Object(CakeRequest), Object(CakeResponse))
#2 /var/www/vhosts/strings-dev/app/webroot/index.php(97): Dispatcher->dispatch(Object(CakeRequest), Object(CakeResponse))
#3 {main}
2013-03-28 21:50:09 Error: [MissingControllerException] Controller class ImgController could not be found.
Exception Attributes: array (
  'class' => 'ImgController',
  'plugin' => NULL,
)
Request URL: /img/loading.gif
Stack Trace:
#0 /var/www/vhosts/strings-dev/app/webroot/index.php(97): Dispatcher->dispatch(Object(CakeRequest), Object(CakeResponse))
#1 {main}
2013-03-28 21:50:09 Error: [MissingControllerException] Controller class ImgController could not be found.
Exception Attributes: array (
  'class' => 'ImgController',
  'plugin' => NULL,
)
Request URL: /img/stripe.png
Stack Trace:
#0 /var/www/vhosts/strings-dev/app/webroot/index.php(97): Dispatcher->dispatch(Object(CakeRequest), Object(CakeResponse))
#1 {main}
2013-03-28 21:50:15 Error: [MissingControllerException] Controller class ImgController could not be found.
Exception Attributes: array (
  'class' => 'ImgController',
  'plugin' => NULL,
)
Request URL: /img/dark_stripes.png
Stack Trace:
#0 /var/www/vhosts/strings-dev/app/webroot/index.php(97): Dispatcher->dispatch(Object(CakeRequest), Object(CakeResponse))
#1 {main}
2013-03-28 21:50:15 Error: [MissingActionException] Action UsersController::assets() could not be found.
Exception Attributes: array (
  'controller' => 'UsersController',
  'action' => 'assets',
)
Request URL: /users/assets/html/header.html
Stack Trace:
#0 /var/www/vhosts/strings-dev/lib/Cake/Routing/Dispatcher.php(186): Controller->invokeAction(Object(CakeRequest))
#1 /var/www/vhosts/strings-dev/lib/Cake/Routing/Dispatcher.php(161): Dispatcher->_invoke(Object(UsersController), Object(CakeRequest), Object(CakeResponse))
#2 /var/www/vhosts/strings-dev/app/webroot/index.php(97): Dispatcher->dispatch(Object(CakeRequest), Object(CakeResponse))
#3 {main}
2013-03-28 21:50:15 Error: [MissingControllerException] Controller class ImgController could not be found.
Exception Attributes: array (
  'class' => 'ImgController',
  'plugin' => NULL,
)
Request URL: /img/stripe.png
Stack Trace:
#0 /var/www/vhosts/strings-dev/app/webroot/index.php(97): Dispatcher->dispatch(Object(CakeRequest), Object(CakeResponse))
#1 {main}
2013-03-28 21:50:15 Error: [MissingControllerException] Controller class ImgController could not be found.
Exception Attributes: array (
  'class' => 'ImgController',
  'plugin' => NULL,
)
Request URL: /img/loading.gif
Stack Trace:
#0 /var/www/vhosts/strings-dev/app/webroot/index.php(97): Dispatcher->dispatch(Object(CakeRequest), Object(CakeResponse))
#1 {main}
2013-03-28 21:50:15 Error: [MissingActionException] Action UsersController::assets() could not be found.
Exception Attributes: array (
  'controller' => 'UsersController',
  'action' => 'assets',
)
Request URL: /users/assets/html/nav.html
Stack Trace:
#0 /var/www/vhosts/strings-dev/lib/Cake/Routing/Dispatcher.php(186): Controller->invokeAction(Object(CakeRequest))
#1 /var/www/vhosts/strings-dev/lib/Cake/Routing/Dispatcher.php(161): Dispatcher->_invoke(Object(UsersController), Object(CakeRequest), Object(CakeResponse))
#2 /var/www/vhosts/strings-dev/app/webroot/index.php(97): Dispatcher->dispatch(Object(CakeRequest), Object(CakeResponse))
#3 {main}
2013-03-28 21:50:39 Error: [MissingControllerException] Controller class JsController could not be found.
Exception Attributes: array (
  'class' => 'JsController',
  'plugin' => NULL,
)
Request URL: /js/account.js
Stack Trace:
#0 /var/www/vhosts/strings-dev/app/webroot/index.php(97): Dispatcher->dispatch(Object(CakeRequest), Object(CakeResponse))
#1 {main}
2013-03-28 21:50:39 Error: [MissingControllerException] Controller class ImgController could not be found.
Exception Attributes: array (
  'class' => 'ImgController',
  'plugin' => NULL,
)
Request URL: /img/dark_stripes.png
Stack Trace:
#0 /var/www/vhosts/strings-dev/app/webroot/index.php(97): Dispatcher->dispatch(Object(CakeRequest), Object(CakeResponse))
#1 {main}
2013-03-28 21:52:18 Error: [MissingControllerException] Controller class ImgController could not be found.
Exception Attributes: array (
  'class' => 'ImgController',
  'plugin' => NULL,
)
Request URL: /img/dark_stripes.png
Stack Trace:
#0 /var/www/vhosts/strings-dev/app/webroot/index.php(97): Dispatcher->dispatch(Object(CakeRequest), Object(CakeResponse))
#1 {main}
2013-03-28 21:52:24 Error: [MissingControllerException] Controller class ImgController could not be found.
Exception Attributes: array (
  'class' => 'ImgController',
  'plugin' => NULL,
)
Request URL: /img/dark_stripes.png
Stack Trace:
#0 /var/www/vhosts/strings-dev/app/webroot/index.php(97): Dispatcher->dispatch(Object(CakeRequest), Object(CakeResponse))
#1 {main}
2013-03-28 22:10:42 Error: [MissingControllerException] Controller class AssetsController could not be found.
Exception Attributes: array (
  'class' => 'AssetsController',
  'plugin' => NULL,
)
Request URL: /assets/html/header.html
Stack Trace:
#0 /var/www/vhosts/strings-dev/app/webroot/index.php(97): Dispatcher->dispatch(Object(CakeRequest), Object(CakeResponse))
#1 {main}
2013-03-28 22:10:42 Error: [MissingControllerException] Controller class AssetsController could not be found.
Exception Attributes: array (
  'class' => 'AssetsController',
  'plugin' => NULL,
)
Request URL: /assets/html/nav.html
Stack Trace:
#0 /var/www/vhosts/strings-dev/app/webroot/index.php(97): Dispatcher->dispatch(Object(CakeRequest), Object(CakeResponse))
#1 {main}
2013-03-28 22:10:53 Error: [MissingActionException] Action UsersController::assets() could not be found.
Exception Attributes: array (
  'controller' => 'UsersController',
  'action' => 'assets',
)
Request URL: /users/assets/html/nav.html
Stack Trace:
#0 /var/www/vhosts/strings-dev/lib/Cake/Routing/Dispatcher.php(186): Controller->invokeAction(Object(CakeRequest))
#1 /var/www/vhosts/strings-dev/lib/Cake/Routing/Dispatcher.php(161): Dispatcher->_invoke(Object(UsersController), Object(CakeRequest), Object(CakeResponse))
#2 /var/www/vhosts/strings-dev/app/webroot/index.php(97): Dispatcher->dispatch(Object(CakeRequest), Object(CakeResponse))
#3 {main}
2013-03-28 22:10:53 Error: [MissingActionException] Action UsersController::assets() could not be found.
Exception Attributes: array (
  'controller' => 'UsersController',
  'action' => 'assets',
)
Request URL: /users/assets/html/header.html
Stack Trace:
#0 /var/www/vhosts/strings-dev/lib/Cake/Routing/Dispatcher.php(186): Controller->invokeAction(Object(CakeRequest))
#1 /var/www/vhosts/strings-dev/lib/Cake/Routing/Dispatcher.php(161): Dispatcher->_invoke(Object(UsersController), Object(CakeRequest), Object(CakeResponse))
#2 /var/www/vhosts/strings-dev/app/webroot/index.php(97): Dispatcher->dispatch(Object(CakeRequest), Object(CakeResponse))
#3 {main}
2013-03-28 22:20:49 Error: Fatal Error (1): Call to undefined method SessionComponent::flash() in [/var/www/vhosts/strings-dev/app/Controller/UsersController.php, line 46]
2013-03-28 22:20:49 Error: [FatalErrorException] Call to undefined method SessionComponent::flash()
Request URL: /users/login
Stack Trace:
#0 /var/www/vhosts/strings-dev/lib/Cake/Error/ErrorHandler.php(183): ErrorHandler::handleFatalError(1, 'Call to undefin...', '/var/www/vhosts...', 46)
#1 [internal function]: ErrorHandler::handleError(1, 'Call to undefin...', '/var/www/vhosts...', 46, Array)
#2 /var/www/vhosts/strings-dev/lib/Cake/Core/App.php(926): call_user_func('ErrorHandler::h...', 1, 'Call to undefin...', '/var/www/vhosts...', 46, Array)
#3 /var/www/vhosts/strings-dev/lib/Cake/Core/App.php(899): App::_checkFatalError()
#4 [internal function]: App::shutdown()
#5 {main}
2013-03-28 22:20:49 Error: [MissingActionException] Action UsersController::assets() could not be found.
Exception Attributes: array (
  'controller' => 'UsersController',
  'action' => 'assets',
)
Request URL: /users/assets/html/header.html
Stack Trace:
#0 /var/www/vhosts/strings-dev/lib/Cake/Routing/Dispatcher.php(186): Controller->invokeAction(Object(CakeRequest))
#1 /var/www/vhosts/strings-dev/lib/Cake/Routing/Dispatcher.php(161): Dispatcher->_invoke(Object(UsersController), Object(CakeRequest), Object(CakeResponse))
#2 /var/www/vhosts/strings-dev/app/webroot/index.php(97): Dispatcher->dispatch(Object(CakeRequest), Object(CakeResponse))
#3 {main}
2013-03-28 22:20:49 Error: [MissingActionException] Action UsersController::assets() could not be found.
Exception Attributes: array (
  'controller' => 'UsersController',
  'action' => 'assets',
)
Request URL: /users/assets/html/nav.html
Stack Trace:
#0 /var/www/vhosts/strings-dev/lib/Cake/Routing/Dispatcher.php(186): Controller->invokeAction(Object(CakeRequest))
#1 /var/www/vhosts/strings-dev/lib/Cake/Routing/Dispatcher.php(161): Dispatcher->_invoke(Object(UsersController), Object(CakeRequest), Object(CakeResponse))
#2 /var/www/vhosts/strings-dev/app/webroot/index.php(97): Dispatcher->dispatch(Object(CakeRequest), Object(CakeResponse))
#3 {main}
2013-03-28 22:31:55 Error: [MissingControllerException] Controller class AssetsController could not be found.
Exception Attributes: array (
  'class' => 'AssetsController',
  'plugin' => NULL,
)
Request URL: /assets/html/header.html
Stack Trace:
#0 /var/www/vhosts/strings-dev/app/webroot/index.php(97): Dispatcher->dispatch(Object(CakeRequest), Object(CakeResponse))
#1 {main}
2013-03-28 22:31:55 Error: [MissingControllerException] Controller class AssetsController could not be found.
Exception Attributes: array (
  'class' => 'AssetsController',
  'plugin' => NULL,
)
Request URL: /assets/html/nav.html
Stack Trace:
#0 /var/www/vhosts/strings-dev/app/webroot/index.php(97): Dispatcher->dispatch(Object(CakeRequest), Object(CakeResponse))
#1 {main}
2013-03-28 22:51:04 Error: [MissingControllerException] Controller class DashboardController could not be found.
Exception Attributes: array (
  'class' => 'DashboardController',
  'plugin' => NULL,
)
Request URL: /dashboard/home
Stack Trace:
#0 /var/www/vhosts/strings-dev/app/webroot/index.php(97): Dispatcher->dispatch(Object(CakeRequest), Object(CakeResponse))
#1 {main}
2013-03-28 22:51:05 Error: [MissingControllerException] Controller class DashboardController could not be found.
Exception Attributes: array (
  'class' => 'DashboardController',
  'plugin' => NULL,
)
Request URL: /dashboard/assets/html/header.html
Stack Trace:
#0 /var/www/vhosts/strings-dev/app/webroot/index.php(97): Dispatcher->dispatch(Object(CakeRequest), Object(CakeResponse))
#1 {main}
2013-03-28 22:51:05 Error: [MissingControllerException] Controller class DashboardController could not be found.
Exception Attributes: array (
  'class' => 'DashboardController',
  'plugin' => NULL,
)
Request URL: /dashboard/assets/html/nav.html
Stack Trace:
#0 /var/www/vhosts/strings-dev/app/webroot/index.php(97): Dispatcher->dispatch(Object(CakeRequest), Object(CakeResponse))
#1 {main}
2013-03-28 22:51:12 Error: [MissingControllerException] Controller class DashboardController could not be found.
Exception Attributes: array (
  'class' => 'DashboardController',
  'plugin' => NULL,
)
Request URL: /dashboard/home
Stack Trace:
#0 /var/www/vhosts/strings-dev/app/webroot/index.php(97): Dispatcher->dispatch(Object(CakeRequest), Object(CakeResponse))
#1 {main}
2013-03-28 22:51:13 Error: [MissingControllerException] Controller class DashboardController could not be found.
Exception Attributes: array (
  'class' => 'DashboardController',
  'plugin' => NULL,
)
Request URL: /dashboard/assets/html/header.html
Stack Trace:
#0 /var/www/vhosts/strings-dev/app/webroot/index.php(97): Dispatcher->dispatch(Object(CakeRequest), Object(CakeResponse))
#1 {main}
2013-03-28 22:51:13 Error: [MissingControllerException] Controller class DashboardController could not be found.
Exception Attributes: array (
  'class' => 'DashboardController',
  'plugin' => NULL,
)
Request URL: /dashboard/assets/html/nav.html
Stack Trace:
#0 /var/www/vhosts/strings-dev/app/webroot/index.php(97): Dispatcher->dispatch(Object(CakeRequest), Object(CakeResponse))
#1 {main}
2013-03-28 22:55:54 Error: [MissingControllerException] Controller class DashboardController could not be found.
Exception Attributes: array (
  'class' => 'DashboardController',
  'plugin' => NULL,
)
Request URL: /dashboard/home
Stack Trace:
#0 /var/www/vhosts/strings-dev/app/webroot/index.php(97): Dispatcher->dispatch(Object(CakeRequest), Object(CakeResponse))
#1 {main}
2013-03-28 22:55:54 Error: [MissingControllerException] Controller class DashboardController could not be found.
Exception Attributes: array (
  'class' => 'DashboardController',
  'plugin' => NULL,
)
Request URL: /dashboard/assets/html/header.html
Stack Trace:
#0 /var/www/vhosts/strings-dev/app/webroot/index.php(97): Dispatcher->dispatch(Object(CakeRequest), Object(CakeResponse))
#1 {main}
2013-03-28 22:55:54 Error: [MissingControllerException] Controller class DashboardController could not be found.
Exception Attributes: array (
  'class' => 'DashboardController',
  'plugin' => NULL,
)
Request URL: /dashboard/assets/html/nav.html
Stack Trace:
#0 /var/www/vhosts/strings-dev/app/webroot/index.php(97): Dispatcher->dispatch(Object(CakeRequest), Object(CakeResponse))
#1 {main}
2013-03-28 22:56:05 Error: [MissingControllerException] Controller class DashboardController could not be found.
Exception Attributes: array (
  'class' => 'DashboardController',
  'plugin' => NULL,
)
Request URL: /dashboard/home
Stack Trace:
#0 /var/www/vhosts/strings-dev/app/webroot/index.php(97): Dispatcher->dispatch(Object(CakeRequest), Object(CakeResponse))
#1 {main}
2013-03-28 22:57:00 Error: [MissingActionException] Action DashboardController::assets() could not be found.
Exception Attributes: array (
  'controller' => 'DashboardController',
  'action' => 'assets',
)
Request URL: /dashboard/assets/html/header.html
Stack Trace:
#0 /var/www/vhosts/strings-dev/lib/Cake/Routing/Dispatcher.php(186): Controller->invokeAction(Object(CakeRequest))
#1 /var/www/vhosts/strings-dev/lib/Cake/Routing/Dispatcher.php(161): Dispatcher->_invoke(Object(DashboardController), Object(CakeRequest), Object(CakeResponse))
#2 /var/www/vhosts/strings-dev/app/webroot/index.php(97): Dispatcher->dispatch(Object(CakeRequest), Object(CakeResponse))
#3 {main}
2013-03-28 22:57:00 Error: [MissingActionException] Action DashboardController::assets() could not be found.
Exception Attributes: array (
  'controller' => 'DashboardController',
  'action' => 'assets',
)
Request URL: /dashboard/assets/html/nav.html
Stack Trace:
#0 /var/www/vhosts/strings-dev/lib/Cake/Routing/Dispatcher.php(186): Controller->invokeAction(Object(CakeRequest))
#1 /var/www/vhosts/strings-dev/lib/Cake/Routing/Dispatcher.php(161): Dispatcher->_invoke(Object(DashboardController), Object(CakeRequest), Object(CakeResponse))
#2 /var/www/vhosts/strings-dev/app/webroot/index.php(97): Dispatcher->dispatch(Object(CakeRequest), Object(CakeResponse))
#3 {main}
2013-03-28 22:57:21 Error: [MissingActionException] Action DashboardController::assets() could not be found.
Exception Attributes: array (
  'controller' => 'DashboardController',
  'action' => 'assets',
)
Request URL: /dashboard/assets/html/nav.html
Stack Trace:
#0 /var/www/vhosts/strings-dev/lib/Cake/Routing/Dispatcher.php(186): Controller->invokeAction(Object(CakeRequest))
#1 /var/www/vhosts/strings-dev/lib/Cake/Routing/Dispatcher.php(161): Dispatcher->_invoke(Object(DashboardController), Object(CakeRequest), Object(CakeResponse))
#2 /var/www/vhosts/strings-dev/app/webroot/index.php(97): Dispatcher->dispatch(Object(CakeRequest), Object(CakeResponse))
#3 {main}
2013-03-28 22:57:21 Error: [MissingActionException] Action DashboardController::assets() could not be found.
Exception Attributes: array (
  'controller' => 'DashboardController',
  'action' => 'assets',
)
Request URL: /dashboard/assets/html/header.html
Stack Trace:
#0 /var/www/vhosts/strings-dev/lib/Cake/Routing/Dispatcher.php(186): Controller->invokeAction(Object(CakeRequest))
#1 /var/www/vhosts/strings-dev/lib/Cake/Routing/Dispatcher.php(161): Dispatcher->_invoke(Object(DashboardController), Object(CakeRequest), Object(CakeResponse))
#2 /var/www/vhosts/strings-dev/app/webroot/index.php(97): Dispatcher->dispatch(Object(CakeRequest), Object(CakeResponse))
#3 {main}
2013-03-28 22:57:31 Error: [MissingActionException] Action DashboardController::assets() could not be found.
Exception Attributes: array (
  'controller' => 'DashboardController',
  'action' => 'assets',
)
Request URL: /dashboard/assets/html/header.html
Stack Trace:
#0 /var/www/vhosts/strings-dev/lib/Cake/Routing/Dispatcher.php(186): Controller->invokeAction(Object(CakeRequest))
#1 /var/www/vhosts/strings-dev/lib/Cake/Routing/Dispatcher.php(161): Dispatcher->_invoke(Object(DashboardController), Object(CakeRequest), Object(CakeResponse))
#2 /var/www/vhosts/strings-dev/app/webroot/index.php(97): Dispatcher->dispatch(Object(CakeRequest), Object(CakeResponse))
#3 {main}
2013-03-28 22:57:31 Error: [MissingActionException] Action DashboardController::assets() could not be found.
Exception Attributes: array (
  'controller' => 'DashboardController',
  'action' => 'assets',
)
Request URL: /dashboard/assets/html/nav.html
Stack Trace:
#0 /var/www/vhosts/strings-dev/lib/Cake/Routing/Dispatcher.php(186): Controller->invokeAction(Object(CakeRequest))
#1 /var/www/vhosts/strings-dev/lib/Cake/Routing/Dispatcher.php(161): Dispatcher->_invoke(Object(DashboardController), Object(CakeRequest), Object(CakeResponse))
#2 /var/www/vhosts/strings-dev/app/webroot/index.php(97): Dispatcher->dispatch(Object(CakeRequest), Object(CakeResponse))
#3 {main}
2013-03-28 23:31:39 Error: [MissingControllerException] Controller class DashbaordController could not be found.
Exception Attributes: array (
  'class' => 'DashbaordController',
  'plugin' => NULL,
)
Request URL: /
Stack Trace:
#0 /var/www/vhosts/strings-dev/app/webroot/index.php(97): Dispatcher->dispatch(Object(CakeRequest), Object(CakeResponse))
#1 {main}
2013-03-28 23:31:40 Error: [MissingControllerException] Controller class AssetsController could not be found.
Exception Attributes: array (
  'class' => 'AssetsController',
  'plugin' => NULL,
)
Request URL: /assets/html/nav.html
Stack Trace:
#0 /var/www/vhosts/strings-dev/app/webroot/index.php(97): Dispatcher->dispatch(Object(CakeRequest), Object(CakeResponse))
#1 {main}
2013-03-28 23:31:40 Error: [MissingControllerException] Controller class AssetsController could not be found.
Exception Attributes: array (
  'class' => 'AssetsController',
  'plugin' => NULL,
)
Request URL: /assets/html/header.html
Stack Trace:
#0 /var/www/vhosts/strings-dev/app/webroot/index.php(97): Dispatcher->dispatch(Object(CakeRequest), Object(CakeResponse))
#1 {main}
2013-03-28 23:34:56 Error: Fatal Error (1): Call to a member function user() on a non-object in [/var/www/vhosts/strings-dev/app/Controller/UsersController.php, line 26]
2013-03-28 23:34:56 Error: [FatalErrorException] Call to a member function user() on a non-object
Request URL: /users/login
Stack Trace:
#0 /var/www/vhosts/strings-dev/lib/Cake/Error/ErrorHandler.php(183): ErrorHandler::handleFatalError(1, 'Call to a membe...', '/var/www/vhosts...', 26)
#1 [internal function]: ErrorHandler::handleError(1, 'Call to a membe...', '/var/www/vhosts...', 26, Array)
#2 /var/www/vhosts/strings-dev/lib/Cake/Core/App.php(926): call_user_func('ErrorHandler::h...', 1, 'Call to a membe...', '/var/www/vhosts...', 26, Array)
#3 /var/www/vhosts/strings-dev/lib/Cake/Core/App.php(899): App::_checkFatalError()
#4 [internal function]: App::shutdown()
#5 {main}
2013-03-28 23:34:57 Error: [MissingActionException] Action UsersController::assets() could not be found.
Exception Attributes: array (
  'controller' => 'UsersController',
  'action' => 'assets',
)
Request URL: /users/assets/html/header.html
Stack Trace:
#0 /var/www/vhosts/strings-dev/lib/Cake/Routing/Dispatcher.php(186): Controller->invokeAction(Object(CakeRequest))
#1 /var/www/vhosts/strings-dev/lib/Cake/Routing/Dispatcher.php(161): Dispatcher->_invoke(Object(UsersController), Object(CakeRequest), Object(CakeResponse))
#2 /var/www/vhosts/strings-dev/app/webroot/index.php(97): Dispatcher->dispatch(Object(CakeRequest), Object(CakeResponse))
#3 {main}
2013-03-28 23:34:57 Error: [MissingActionException] Action UsersController::assets() could not be found.
Exception Attributes: array (
  'controller' => 'UsersController',
  'action' => 'assets',
)
Request URL: /users/assets/html/nav.html
Stack Trace:
#0 /var/www/vhosts/strings-dev/lib/Cake/Routing/Dispatcher.php(186): Controller->invokeAction(Object(CakeRequest))
#1 /var/www/vhosts/strings-dev/lib/Cake/Routing/Dispatcher.php(161): Dispatcher->_invoke(Object(UsersController), Object(CakeRequest), Object(CakeResponse))
#2 /var/www/vhosts/strings-dev/app/webroot/index.php(97): Dispatcher->dispatch(Object(CakeRequest), Object(CakeResponse))
#3 {main}
2013-03-28 23:35:25 Error: [MissingControllerException] Controller class Controller could not be found.
Exception Attributes: array (
  'class' => 'Controller',
  'plugin' => NULL,
)
Request URL: /
Stack Trace:
#0 /var/www/vhosts/strings-dev/app/webroot/index.php(97): Dispatcher->dispatch(Object(CakeRequest), Object(CakeResponse))
#1 {main}
2013-03-28 23:35:26 Error: [MissingControllerException] Controller class AssetsController could not be found.
Exception Attributes: array (
  'class' => 'AssetsController',
  'plugin' => NULL,
)
Request URL: /assets/html/header.html
Stack Trace:
#0 /var/www/vhosts/strings-dev/app/webroot/index.php(97): Dispatcher->dispatch(Object(CakeRequest), Object(CakeResponse))
#1 {main}
2013-03-28 23:35:26 Error: [MissingControllerException] Controller class AssetsController could not be found.
Exception Attributes: array (
  'class' => 'AssetsController',
  'plugin' => NULL,
)
Request URL: /assets/html/nav.html
Stack Trace:
#0 /var/www/vhosts/strings-dev/app/webroot/index.php(97): Dispatcher->dispatch(Object(CakeRequest), Object(CakeResponse))
#1 {main}
2013-03-28 23:36:13 Error: [MissingControllerException] Controller class Controller could not be found.
Exception Attributes: array (
  'class' => 'Controller',
  'plugin' => NULL,
)
Request URL: /
Stack Trace:
#0 /var/www/vhosts/strings-dev/app/webroot/index.php(97): Dispatcher->dispatch(Object(CakeRequest), Object(CakeResponse))
#1 {main}
2013-03-28 23:36:14 Error: [MissingControllerException] Controller class CssController could not be found.
Exception Attributes: array (
  'class' => 'CssController',
  'plugin' => NULL,
)
Request URL: /css/cake.generic.css
Stack Trace:
#0 /var/www/vhosts/strings-dev/app/webroot/index.php(97): Dispatcher->dispatch(Object(CakeRequest), Object(CakeResponse))
#1 {main}
2013-03-28 23:36:14 Error: [MissingControllerException] Controller class ImgController could not be found.
Exception Attributes: array (
  'class' => 'ImgController',
  'plugin' => NULL,
)
Request URL: /img/cake.power.gif
Stack Trace:
#0 /var/www/vhosts/strings-dev/app/webroot/index.php(97): Dispatcher->dispatch(Object(CakeRequest), Object(CakeResponse))
#1 {main}
2013-03-28 23:36:25 Error: [MissingControllerException] Controller class CssController could not be found.
Exception Attributes: array (
  'class' => 'CssController',
  'plugin' => NULL,
)
Request URL: /css/cake.generic.css
Stack Trace:
#0 /var/www/vhosts/strings-dev/app/webroot/index.php(97): Dispatcher->dispatch(Object(CakeRequest), Object(CakeResponse))
#1 {main}
2013-03-28 23:36:26 Error: [MissingControllerException] Controller class ImgController could not be found.
Exception Attributes: array (
  'class' => 'ImgController',
  'plugin' => NULL,
)
Request URL: /img/cake.power.gif
Stack Trace:
#0 /var/www/vhosts/strings-dev/app/webroot/index.php(97): Dispatcher->dispatch(Object(CakeRequest), Object(CakeResponse))
#1 {main}
2013-03-28 23:39:36 Error: [MissingControllerException] Controller class CssController could not be found.
Exception Attributes: array (
  'class' => 'CssController',
  'plugin' => NULL,
)
Request URL: /css/cake.generic.css
Stack Trace:
#0 /var/www/vhosts/strings-dev/app/webroot/index.php(97): Dispatcher->dispatch(Object(CakeRequest), Object(CakeResponse))
#1 {main}
2013-03-28 23:39:36 Error: [MissingControllerException] Controller class ImgController could not be found.
Exception Attributes: array (
  'class' => 'ImgController',
  'plugin' => NULL,
)
Request URL: /img/cake.power.gif
Stack Trace:
#0 /var/www/vhosts/strings-dev/app/webroot/index.php(97): Dispatcher->dispatch(Object(CakeRequest), Object(CakeResponse))
#1 {main}
2013-03-28 23:43:57 Error: [MissingControllerException] Controller class ImgController could not be found.
Exception Attributes: array (
  'class' => 'ImgController',
  'plugin' => NULL,
)
Request URL: /img/cake.power.gif
Stack Trace:
#0 /var/www/vhosts/strings-dev/app/webroot/index.php(97): Dispatcher->dispatch(Object(CakeRequest), Object(CakeResponse))
#1 {main}
2013-03-28 23:44:35 Error: [MissingControllerException] Controller class ImgController could not be found.
Exception Attributes: array (
  'class' => 'ImgController',
  'plugin' => NULL,
)
Request URL: /img/cake.power.gif
Stack Trace:
#0 /var/www/vhosts/strings-dev/app/webroot/index.php(97): Dispatcher->dispatch(Object(CakeRequest), Object(CakeResponse))
#1 {main}
2013-03-28 23:56:13 Error: [CakeException] Authentication adapter "authError" was not found.
Request URL: /
Stack Trace:
#0 /var/www/vhosts/strings-dev/lib/Cake/Controller/Component/AuthComponent.php(613): AuthComponent->constructAuthenticate()
#1 /var/www/vhosts/strings-dev/lib/Cake/Controller/Component/AuthComponent.php(319): AuthComponent->_getUser()
#2 [internal function]: AuthComponent->startup(Object(DashboardController))
#3 /var/www/vhosts/strings-dev/lib/Cake/Utility/ObjectCollection.php(131): call_user_func_array(Array, Array)
#4 [internal function]: ObjectCollection->trigger(Object(CakeEvent))
#5 /var/www/vhosts/strings-dev/lib/Cake/Event/CakeEventManager.php(247): call_user_func(Array, Object(CakeEvent))
#6 /var/www/vhosts/strings-dev/lib/Cake/Controller/Controller.php(670): CakeEventManager->dispatch(Object(CakeEvent))
#7 /var/www/vhosts/strings-dev/lib/Cake/Routing/Dispatcher.php(183): Controller->startupProcess()
#8 /var/www/vhosts/strings-dev/lib/Cake/Routing/Dispatcher.php(161): Dispatcher->_invoke(Object(DashboardController), Object(CakeRequest), Object(CakeResponse))
#9 /var/www/vhosts/strings-dev/app/webroot/index.php(97): Dispatcher->dispatch(Object(CakeRequest), Object(CakeResponse))
#10 {main}
2013-03-28 23:56:13 Error: [CakeException] Authentication adapter "authError" was not found.
Request URL: /
Stack Trace:
#0 /var/www/vhosts/strings-dev/lib/Cake/Controller/Component/AuthComponent.php(613): AuthComponent->constructAuthenticate()
#1 /var/www/vhosts/strings-dev/lib/Cake/Controller/Component/AuthComponent.php(319): AuthComponent->_getUser()
#2 [internal function]: AuthComponent->startup(Object(DashboardController))
#3 /var/www/vhosts/strings-dev/lib/Cake/Utility/ObjectCollection.php(131): call_user_func_array(Array, Array)
#4 [internal function]: ObjectCollection->trigger(Object(CakeEvent))
#5 /var/www/vhosts/strings-dev/lib/Cake/Event/CakeEventManager.php(247): call_user_func(Array, Object(CakeEvent))
#6 /var/www/vhosts/strings-dev/lib/Cake/Controller/Controller.php(670): CakeEventManager->dispatch(Object(CakeEvent))
#7 /var/www/vhosts/strings-dev/lib/Cake/Routing/Dispatcher.php(183): Controller->startupProcess()
#8 /var/www/vhosts/strings-dev/lib/Cake/Routing/Dispatcher.php(161): Dispatcher->_invoke(Object(DashboardController), Object(CakeRequest), Object(CakeResponse))
#9 /var/www/vhosts/strings-dev/app/webroot/index.php(97): Dispatcher->dispatch(Object(CakeRequest), Object(CakeResponse))
#10 {main}
2013-03-28 23:56:14 Error: [MissingControllerException] Controller class AssetsController could not be found.
Exception Attributes: array (
  'class' => 'AssetsController',
  'plugin' => NULL,
)
Request URL: /assets/html/header.html
Stack Trace:
#0 /var/www/vhosts/strings-dev/app/webroot/index.php(97): Dispatcher->dispatch(Object(CakeRequest), Object(CakeResponse))
#1 {main}
2013-03-28 23:56:14 Error: [MissingControllerException] Controller class AssetsController could not be found.
Exception Attributes: array (
  'class' => 'AssetsController',
  'plugin' => NULL,
)
Request URL: /assets/html/nav.html
Stack Trace:
#0 /var/www/vhosts/strings-dev/app/webroot/index.php(97): Dispatcher->dispatch(Object(CakeRequest), Object(CakeResponse))
#1 {main}
2013-03-29 00:16:15 Error: [MissingControllerException] Controller class AssetsController could not be found.
Exception Attributes: array (
  'class' => 'AssetsController',
  'plugin' => NULL,
)
Request URL: /assets/html/header.html
Stack Trace:
#0 /var/www/vhosts/strings-dev/app/webroot/index.php(97): Dispatcher->dispatch(Object(CakeRequest), Object(CakeResponse))
#1 {main}
2013-03-29 00:16:15 Error: [MissingControllerException] Controller class AssetsController could not be found.
Exception Attributes: array (
  'class' => 'AssetsController',
  'plugin' => NULL,
)
Request URL: /assets/html/nav.html
Stack Trace:
#0 /var/www/vhosts/strings-dev/app/webroot/index.php(97): Dispatcher->dispatch(Object(CakeRequest), Object(CakeResponse))
#1 {main}
2013-03-29 00:18:26 Error: [MissingControllerException] Controller class AssetsController could not be found.
Exception Attributes: array (
  'class' => 'AssetsController',
  'plugin' => NULL,
)
Request URL: /assets/html/header.html
Stack Trace:
#0 /var/www/vhosts/strings-dev/app/webroot/index.php(97): Dispatcher->dispatch(Object(CakeRequest), Object(CakeResponse))
#1 {main}
2013-03-29 00:18:26 Error: [MissingControllerException] Controller class AssetsController could not be found.
Exception Attributes: array (
  'class' => 'AssetsController',
  'plugin' => NULL,
)
Request URL: /assets/html/nav.html
Stack Trace:
#0 /var/www/vhosts/strings-dev/app/webroot/index.php(97): Dispatcher->dispatch(Object(CakeRequest), Object(CakeResponse))
#1 {main}
2013-03-29 00:45:30 Error: [MissingHelperException] Helper class AuthHelper could not be found.
Exception Attributes: array (
  'class' => 'AuthHelper',
  'plugin' => false,
)
Request URL: /
Stack Trace:
#0 /var/www/vhosts/strings-dev/lib/Cake/View/HelperCollection.php(62): HelperCollection->load('Auth')
#1 /var/www/vhosts/strings-dev/lib/Cake/View/View.php(835): HelperCollection->__isset('Auth')
#2 /var/www/vhosts/strings-dev/app/View/Elements/layouts/header.ctp(4): View->__get('Auth')
#3 /var/www/vhosts/strings-dev/lib/Cake/View/View.php(947): include('/var/www/vhosts...')
#4 /var/www/vhosts/strings-dev/lib/Cake/View/View.php(909): View->_evaluate('/var/www/vhosts...', Array)
#5 /var/www/vhosts/strings-dev/lib/Cake/View/View.php(1210): View->_render('/var/www/vhosts...', Array)
#6 /var/www/vhosts/strings-dev/lib/Cake/View/View.php(413): View->_renderElement('/var/www/vhosts...', Array, Array)
#7 /var/www/vhosts/strings-dev/app/View/Layouts/default.ctp(21): View->element('layouts/header')
#8 /var/www/vhosts/strings-dev/lib/Cake/View/View.php(947): include('/var/www/vhosts...')
#9 /var/www/vhosts/strings-dev/lib/Cake/View/View.php(909): View->_evaluate('/var/www/vhosts...', Array)
#10 /var/www/vhosts/strings-dev/lib/Cake/View/View.php(534): View->_render('/var/www/vhosts...')
#11 /var/www/vhosts/strings-dev/lib/Cake/View/View.php(478): View->renderLayout('', 'default')
#12 /var/www/vhosts/strings-dev/lib/Cake/Controller/Controller.php(947): View->render(NULL, NULL)
#13 /var/www/vhosts/strings-dev/lib/Cake/Routing/Dispatcher.php(193): Controller->render()
#14 /var/www/vhosts/strings-dev/lib/Cake/Routing/Dispatcher.php(161): Dispatcher->_invoke(Object(DashboardController), Object(CakeRequest), Object(CakeResponse))
#15 /var/www/vhosts/strings-dev/app/webroot/index.php(97): Dispatcher->dispatch(Object(CakeRequest), Object(CakeResponse))
#16 {main}
2013-03-29 00:45:37 Error: [MissingHelperException] Helper class AuthHelper could not be found.
Exception Attributes: array (
  'class' => 'AuthHelper',
  'plugin' => false,
)
Request URL: /
Stack Trace:
#0 /var/www/vhosts/strings-dev/lib/Cake/View/HelperCollection.php(62): HelperCollection->load('Auth')
#1 /var/www/vhosts/strings-dev/lib/Cake/View/View.php(835): HelperCollection->__isset('Auth')
#2 /var/www/vhosts/strings-dev/app/View/Elements/layouts/header.ctp(4): View->__get('Auth')
#3 /var/www/vhosts/strings-dev/lib/Cake/View/View.php(947): include('/var/www/vhosts...')
#4 /var/www/vhosts/strings-dev/lib/Cake/View/View.php(909): View->_evaluate('/var/www/vhosts...', Array)
#5 /var/www/vhosts/strings-dev/lib/Cake/View/View.php(1210): View->_render('/var/www/vhosts...', Array)
#6 /var/www/vhosts/strings-dev/lib/Cake/View/View.php(413): View->_renderElement('/var/www/vhosts...', Array, Array)
#7 /var/www/vhosts/strings-dev/app/View/Layouts/default.ctp(21): View->element('layouts/header')
#8 /var/www/vhosts/strings-dev/lib/Cake/View/View.php(947): include('/var/www/vhosts...')
#9 /var/www/vhosts/strings-dev/lib/Cake/View/View.php(909): View->_evaluate('/var/www/vhosts...', Array)
#10 /var/www/vhosts/strings-dev/lib/Cake/View/View.php(534): View->_render('/var/www/vhosts...')
#11 /var/www/vhosts/strings-dev/lib/Cake/View/View.php(478): View->renderLayout('', 'default')
#12 /var/www/vhosts/strings-dev/lib/Cake/Controller/Controller.php(947): View->render(NULL, NULL)
#13 /var/www/vhosts/strings-dev/lib/Cake/Routing/Dispatcher.php(193): Controller->render()
#14 /var/www/vhosts/strings-dev/lib/Cake/Routing/Dispatcher.php(161): Dispatcher->_invoke(Object(DashboardController), Object(CakeRequest), Object(CakeResponse))
#15 /var/www/vhosts/strings-dev/app/webroot/index.php(97): Dispatcher->dispatch(Object(CakeRequest), Object(CakeResponse))
#16 {main}
2013-03-29 00:47:47 Error: [MissingHelperException] Helper class AuthHelper could not be found.
Exception Attributes: array (
  'class' => 'AuthHelper',
  'plugin' => false,
)
Request URL: /
Stack Trace:
#0 /var/www/vhosts/strings-dev/lib/Cake/View/HelperCollection.php(62): HelperCollection->load('Auth')
#1 /var/www/vhosts/strings-dev/lib/Cake/View/View.php(835): HelperCollection->__isset('Auth')
#2 /var/www/vhosts/strings-dev/app/View/Elements/layouts/header.ctp(4): View->__get('Auth')
#3 /var/www/vhosts/strings-dev/lib/Cake/View/View.php(947): include('/var/www/vhosts...')
#4 /var/www/vhosts/strings-dev/lib/Cake/View/View.php(909): View->_evaluate('/var/www/vhosts...', Array)
#5 /var/www/vhosts/strings-dev/lib/Cake/View/View.php(1210): View->_render('/var/www/vhosts...', Array)
#6 /var/www/vhosts/strings-dev/lib/Cake/View/View.php(413): View->_renderElement('/var/www/vhosts...', Array, Array)
#7 /var/www/vhosts/strings-dev/app/View/Layouts/default.ctp(21): View->element('layouts/header')
#8 /var/www/vhosts/strings-dev/lib/Cake/View/View.php(947): include('/var/www/vhosts...')
#9 /var/www/vhosts/strings-dev/lib/Cake/View/View.php(909): View->_evaluate('/var/www/vhosts...', Array)
#10 /var/www/vhosts/strings-dev/lib/Cake/View/View.php(534): View->_render('/var/www/vhosts...')
#11 /var/www/vhosts/strings-dev/lib/Cake/View/View.php(478): View->renderLayout('', 'default')
#12 /var/www/vhosts/strings-dev/lib/Cake/Controller/Controller.php(947): View->render(NULL, NULL)
#13 /var/www/vhosts/strings-dev/lib/Cake/Routing/Dispatcher.php(193): Controller->render()
#14 /var/www/vhosts/strings-dev/lib/Cake/Routing/Dispatcher.php(161): Dispatcher->_invoke(Object(DashboardController), Object(CakeRequest), Object(CakeResponse))
#15 /var/www/vhosts/strings-dev/app/webroot/index.php(97): Dispatcher->dispatch(Object(CakeRequest), Object(CakeResponse))
#16 {main}
2013-03-29 00:55:03 Error: [MissingHelperException] Helper class AuthHelper could not be found.
Exception Attributes: array (
  'class' => 'AuthHelper',
  'plugin' => false,
)
Request URL: /
Stack Trace:
#0 /var/www/vhosts/strings-dev/lib/Cake/View/HelperCollection.php(62): HelperCollection->load('Auth')
#1 /var/www/vhosts/strings-dev/lib/Cake/View/View.php(835): HelperCollection->__isset('Auth')
#2 /var/www/vhosts/strings-dev/app/View/Elements/layouts/header.ctp(4): View->__get('Auth')
#3 /var/www/vhosts/strings-dev/lib/Cake/View/View.php(947): include('/var/www/vhosts...')
#4 /var/www/vhosts/strings-dev/lib/Cake/View/View.php(909): View->_evaluate('/var/www/vhosts...', Array)
#5 /var/www/vhosts/strings-dev/lib/Cake/View/View.php(1210): View->_render('/var/www/vhosts...', Array)
#6 /var/www/vhosts/strings-dev/lib/Cake/View/View.php(413): View->_renderElement('/var/www/vhosts...', Array, Array)
#7 /var/www/vhosts/strings-dev/app/View/Layouts/default.ctp(21): View->element('layouts/header')
#8 /var/www/vhosts/strings-dev/lib/Cake/View/View.php(947): include('/var/www/vhosts...')
#9 /var/www/vhosts/strings-dev/lib/Cake/View/View.php(909): View->_evaluate('/var/www/vhosts...', Array)
#10 /var/www/vhosts/strings-dev/lib/Cake/View/View.php(534): View->_render('/var/www/vhosts...')
#11 /var/www/vhosts/strings-dev/lib/Cake/View/View.php(478): View->renderLayout('', 'default')
#12 /var/www/vhosts/strings-dev/lib/Cake/Controller/Controller.php(947): View->render(NULL, NULL)
#13 /var/www/vhosts/strings-dev/lib/Cake/Routing/Dispatcher.php(193): Controller->render()
#14 /var/www/vhosts/strings-dev/lib/Cake/Routing/Dispatcher.php(161): Dispatcher->_invoke(Object(DashboardController), Object(CakeRequest), Object(CakeResponse))
#15 /var/www/vhosts/strings-dev/app/webroot/index.php(97): Dispatcher->dispatch(Object(CakeRequest), Object(CakeResponse))
#16 {main}
2013-03-29 01:07:01 Error: [PDOException] SQLSTATE[23000]: Integrity constraint violation: 1052 Column 'name' in field list is ambiguous
Request URL: /login
Stack Trace:
#0 /var/www/vhosts/strings-dev/lib/Cake/Model/Datasource/DboSource.php(459): PDOStatement->execute(Array)
#1 /var/www/vhosts/strings-dev/lib/Cake/Model/Datasource/DboSource.php(425): DboSource->_execute('SELECT `User`.`...', Array)
#2 /var/www/vhosts/strings-dev/lib/Cake/Model/Datasource/DboSource.php(669): DboSource->execute('SELECT `User`.`...', Array, Array)
#3 /var/www/vhosts/strings-dev/lib/Cake/Model/Datasource/DboSource.php(1080): DboSource->fetchAll('SELECT `User`.`...', false)
#4 /var/www/vhosts/strings-dev/lib/Cake/Model/Model.php(2674): DboSource->read(Object(User), Array)
#5 /var/www/vhosts/strings-dev/lib/Cake/Controller/Component/Auth/BaseAuthenticate.php(98): Model->find('first', Array)
#6 /var/www/vhosts/strings-dev/lib/Cake/Controller/Component/Auth/FormAuthenticate.php(80): BaseAuthenticate->_findUser('jcotton', 'testtest')
#7 /var/www/vhosts/strings-dev/lib/Cake/Controller/Component/AuthComponent.php(674): FormAuthenticate->authenticate(Object(CakeRequest), Object(CakeResponse))
#8 /var/www/vhosts/strings-dev/lib/Cake/Controller/Component/AuthComponent.php(540): AuthComponent->identify(Object(CakeRequest), Object(CakeResponse))
#9 /var/www/vhosts/strings-dev/app/Controller/UsersController.php(38): AuthComponent->login()
#10 [internal function]: UsersController->login()
#11 /var/www/vhosts/strings-dev/lib/Cake/Controller/Controller.php(485): ReflectionMethod->invokeArgs(Object(UsersController), Array)
#12 /var/www/vhosts/strings-dev/lib/Cake/Routing/Dispatcher.php(186): Controller->invokeAction(Object(CakeRequest))
#13 /var/www/vhosts/strings-dev/lib/Cake/Routing/Dispatcher.php(161): Dispatcher->_invoke(Object(UsersController), Object(CakeRequest), Object(CakeResponse))
#14 /var/www/vhosts/strings-dev/app/webroot/index.php(97): Dispatcher->dispatch(Object(CakeRequest), Object(CakeResponse))
#15 {main}
2013-03-29 14:35:31 Error: [MissingControllerException] Controller class UserController could not be found.
Exception Attributes: array (
  'class' => 'UserController',
  'plugin' => NULL,
)
Request URL: /user/soapCaller.bs
Stack Trace:
#0 /var/www/vhosts/strings-dev/app/webroot/index.php(97): Dispatcher->dispatch(Object(CakeRequest), Object(CakeResponse))
#1 {main}
